2019-08-13 14:37:37.453 [ main ] - [ INFO  ] [ com.fsl.poiexcel.PoiexcelApplication : 50 ] - Starting PoiexcelApplication on localhost with PID 46155 (/Users/work/workspace/bitman/poiexcel/target/classes started by a123 in /Users/work/workspace/bitman/poiexcel)
2019-08-13 14:37:37.472 [ main ] - [ DEBUG ] [ com.fsl.poiexcel.PoiexcelApplication : 53 ] - Running with Spring Boot v2.0.3.RELEASE, Spring v5.0.7.RELEASE
2019-08-13 14:37:37.477 [ main ] - [ INFO  ] [ com.fsl.poiexcel.PoiexcelApplication : 659 ] - No active profile set, falling back to default profiles: default
2019-08-13 14:37:39.075 [ main ] - [ WARN  ] [ tk.mybatis.spring.mapper.ClassPathMapperScanner : 142 ] - No MyBatis mapper was found in '[com.fsl.poiexcel]' package. Please check your configuration.
2019-08-13 14:37:39.115 [ main ] - [ WARN  ] [ org.mybatis.spring.mapper.ClassPathMapperScanner : 44 ] - No MyBatis mapper was found in '[com.fsl.poiexcel]' package. Please check your configuration.
2019-08-13 14:37:40.187 [ main ] - [ INFO  ] [ org.apache.coyote.http11.Http11NioProtocol : 180 ] - Initializing ProtocolHandler ["http-nio-9090"]
2019-08-13 14:37:40.201 [ main ] - [ INFO  ] [ org.apache.catalina.core.StandardService : 180 ] - Starting service [Tomcat]
2019-08-13 14:37:40.202 [ main ] - [ INFO  ] [ org.apache.catalina.core.StandardEngine : 180 ] - Starting Servlet Engine: Apache Tomcat/8.5.31
2019-08-13 14:37:40.207 [ localhost-startStop-1 ] - [ INFO  ] [ org.apache.catalina.core.AprLifecycleListener : 180 ] - The APR based Apache Tomcat Native library which allows optimal performance in production environments was not found on the java.library.path: [/Users/a123/Library/Java/Extensions:/Library/Java/Extensions:/Network/Library/Java/Extensions:/System/Library/Java/Extensions:/usr/lib/java:.]
2019-08-13 14:37:40.362 [ localhost-startStop-1 ] - [ INFO  ] [ o.a.c.core.ContainerBase.[Tomcat].[localhost].[/] : 180 ] - Initializing Spring embedded WebApplicationContext
2019-08-13 14:37:41.227 [ main ] - [ WARN  ] [ t.m.m.mapperhelper.resolve.DefaultEntityResolve : 146 ] - 通用 Mapper 警告信息: <[EntityColumn{table=student, property='ver', column='ver', javaType=int, jdbcType=null, typeHandler=null, id=false, identity=false, blob=false, generator='null', orderBy='null', insertable=true, updatable=true, order=null}]> 使用了基本类型，基本类型在动态 SQL 中由于存在默认值，因此任何时候都不等于 null，建议修改基本类型为对应的包装类型!
2019-08-13 14:37:41.495 [ main ] - [ INFO  ] [ org.apache.catalina.core.StandardService : 180 ] - Stopping service [Tomcat]
2019-08-13 14:38:12.543 [ main ] - [ INFO  ] [ com.fsl.poiexcel.PoiexcelApplication : 50 ] - Starting PoiexcelApplication on localhost with PID 46169 (/Users/work/workspace/bitman/poiexcel/target/classes started by a123 in /Users/work/workspace/bitman/poiexcel)
2019-08-13 14:38:12.546 [ main ] - [ DEBUG ] [ com.fsl.poiexcel.PoiexcelApplication : 53 ] - Running with Spring Boot v2.0.3.RELEASE, Spring v5.0.7.RELEASE
2019-08-13 14:38:12.549 [ main ] - [ INFO  ] [ com.fsl.poiexcel.PoiexcelApplication : 659 ] - No active profile set, falling back to default profiles: default
2019-08-13 14:38:13.564 [ main ] - [ WARN  ] [ tk.mybatis.spring.mapper.ClassPathMapperScanner : 142 ] - No MyBatis mapper was found in '[com.fsl.poiexcel]' package. Please check your configuration.
2019-08-13 14:38:13.592 [ main ] - [ WARN  ] [ org.mybatis.spring.mapper.ClassPathMapperScanner : 44 ] - No MyBatis mapper was found in '[com.fsl.poiexcel]' package. Please check your configuration.
2019-08-13 14:38:14.531 [ main ] - [ INFO  ] [ org.apache.coyote.http11.Http11NioProtocol : 180 ] - Initializing ProtocolHandler ["http-nio-9090"]
2019-08-13 14:38:14.544 [ main ] - [ INFO  ] [ org.apache.catalina.core.StandardService : 180 ] - Starting service [Tomcat]
2019-08-13 14:38:14.545 [ main ] - [ INFO  ] [ org.apache.catalina.core.StandardEngine : 180 ] - Starting Servlet Engine: Apache Tomcat/8.5.31
2019-08-13 14:38:14.552 [ localhost-startStop-1 ] - [ INFO  ] [ org.apache.catalina.core.AprLifecycleListener : 180 ] - The APR based Apache Tomcat Native library which allows optimal performance in production environments was not found on the java.library.path: [/Users/a123/Library/Java/Extensions:/Library/Java/Extensions:/Network/Library/Java/Extensions:/System/Library/Java/Extensions:/usr/lib/java:.]
2019-08-13 14:38:14.671 [ localhost-startStop-1 ] - [ INFO  ] [ o.a.c.core.ContainerBase.[Tomcat].[localhost].[/] : 180 ] - Initializing Spring embedded WebApplicationContext
2019-08-13 14:38:15.552 [ main ] - [ WARN  ] [ t.m.m.mapperhelper.resolve.DefaultEntityResolve : 146 ] - 通用 Mapper 警告信息: <[EntityColumn{table=student, property='ver', column='ver', javaType=int, jdbcType=null, typeHandler=null, id=false, identity=false, blob=false, generator='null', orderBy='null', insertable=true, updatable=true, order=null}]> 使用了基本类型，基本类型在动态 SQL 中由于存在默认值，因此任何时候都不等于 null，建议修改基本类型为对应的包装类型!
2019-08-13 14:38:15.884 [ main ] - [ INFO  ] [ org.apache.catalina.core.StandardService : 180 ] - Stopping service [Tomcat]
