2019-08-13 13:27:33.394 [ main ] - [ INFO  ] [ com.fsl.poiexcel.PoiexcelApplication : 50 ] - Starting PoiexcelApplication on localhost with PID 44966 (/Users/work/workspace/bitman/poiexcel/target/classes started by a123 in /Users/work/workspace/bitman/poiexcel)
2019-08-13 13:27:33.400 [ main ] - [ DEBUG ] [ com.fsl.poiexcel.PoiexcelApplication : 53 ] - Running with Spring Boot v2.0.3.RELEASE, Spring v5.0.7.RELEASE
2019-08-13 13:27:33.487 [ main ] - [ INFO  ] [ com.fsl.poiexcel.PoiexcelApplication : 659 ] - No active profile set, falling back to default profiles: default
2019-08-13 13:27:33.710 [ main ] - [ INFO  ] [ o.s.b.w.s.c.AnnotationConfigServletWebServerApplicationContext : 590 ] - Refreshing org.springframework.boot.web.servlet.context.AnnotationConfigServletWebServerApplicationContext@59b38691: startup date [Tue Aug 13 13:27:33 CST 2019]; root of context hierarchy
2019-08-13 13:27:36.644 [ main ] - [ WARN  ] [ tk.mybatis.spring.mapper.ClassPathMapperScanner : 142 ] - No MyBatis mapper was found in '[com.fsl.poiexcel]' package. Please check your configuration.
2019-08-13 13:27:36.681 [ main ] - [ WARN  ] [ org.mybatis.spring.mapper.ClassPathMapperScanner : 44 ] - No MyBatis mapper was found in '[com.fsl.poiexcel]' package. Please check your configuration.
2019-08-13 13:27:38.284 [ main ] - [ INFO  ] [ o.s.c.s.PostProcessorRegistrationDelegate$BeanPostProcessorChecker : 328 ] - Bean 'org.springframework.amqp.rabbit.annotation.RabbitBootstrapConfiguration' of type [org.springframework.amqp.rabbit.annotation.RabbitBootstrapConfiguration$$EnhancerBySpringCGLIB$$d32b6762] is not eligible for getting processed by all BeanPostProcessors (for example: not eligible for auto-proxying)
2019-08-13 13:27:39.369 [ main ] - [ INFO  ] [ o.s.boot.web.embedded.tomcat.TomcatWebServer : 91 ] - Tomcat initialized with port(s): 9090 (http)
2019-08-13 13:27:39.410 [ main ] - [ INFO  ] [ org.apache.coyote.http11.Http11NioProtocol : 180 ] - Initializing ProtocolHandler ["http-nio-9090"]
2019-08-13 13:27:39.442 [ main ] - [ INFO  ] [ org.apache.catalina.core.StandardService : 180 ] - Starting service [Tomcat]
2019-08-13 13:27:39.445 [ main ] - [ INFO  ] [ org.apache.catalina.core.StandardEngine : 180 ] - Starting Servlet Engine: Apache Tomcat/8.5.31
2019-08-13 13:27:39.460 [ localhost-startStop-1 ] - [ INFO  ] [ org.apache.catalina.core.AprLifecycleListener : 180 ] - The APR based Apache Tomcat Native library which allows optimal performance in production environments was not found on the java.library.path: [/Users/a123/Library/Java/Extensions:/Library/Java/Extensions:/Network/Library/Java/Extensions:/System/Library/Java/Extensions:/usr/lib/java:.]
2019-08-13 13:27:39.746 [ localhost-startStop-1 ] - [ INFO  ] [ o.a.c.core.ContainerBase.[Tomcat].[localhost].[/] : 180 ] - Initializing Spring embedded WebApplicationContext
2019-08-13 13:27:39.746 [ localhost-startStop-1 ] - [ INFO  ] [ org.springframework.web.context.ContextLoader : 285 ] - Root WebApplicationContext: initialization completed in 6037 ms
2019-08-13 13:27:40.503 [ localhost-startStop-1 ] - [ INFO  ] [ o.s.boot.web.servlet.ServletRegistrationBean : 186 ] - Servlet dispatcherServlet mapped to [/]
2019-08-13 13:27:40.510 [ localhost-startStop-1 ] - [ INFO  ] [ o.s.boot.web.servlet.FilterRegistrationBean : 245 ] - Mapping filter: 'characterEncodingFilter' to: [/*]
2019-08-13 13:27:40.511 [ localhost-startStop-1 ] - [ INFO  ] [ o.s.boot.web.servlet.FilterRegistrationBean : 245 ] - Mapping filter: 'hiddenHttpMethodFilter' to: [/*]
2019-08-13 13:27:40.512 [ localhost-startStop-1 ] - [ INFO  ] [ o.s.boot.web.servlet.FilterRegistrationBean : 245 ] - Mapping filter: 'httpPutFormContentFilter' to: [/*]
2019-08-13 13:27:40.514 [ localhost-startStop-1 ] - [ INFO  ] [ o.s.boot.web.servlet.FilterRegistrationBean : 245 ] - Mapping filter: 'requestContextFilter' to: [/*]
2019-08-13 13:27:40.514 [ localhost-startStop-1 ] - [ INFO  ] [ o.s.boot.web.servlet.FilterRegistrationBean : 245 ] - Mapping filter: 'corsFilter' to: [/*]
2019-08-13 13:27:41.597 [ main ] - [ WARN  ] [ t.m.m.mapperhelper.resolve.DefaultEntityResolve : 146 ] - 通用 Mapper 警告信息: <[EntityColumn{table=student, property='ver', column='ver', javaType=int, jdbcType=null, typeHandler=null, id=false, identity=false, blob=false, generator='null', orderBy='null', insertable=true, updatable=true, order=null}]> 使用了基本类型，基本类型在动态 SQL 中由于存在默认值，因此任何时候都不等于 null，建议修改基本类型为对应的包装类型!
2019-08-13 13:27:42.711 [ main ] - [ INFO  ] [ o.s.web.servlet.handler.SimpleUrlHandlerMapping : 373 ] - Mapped URL path [/**/favicon.ico] onto handler of type [class org.springframework.web.servlet.resource.ResourceHttpRequestHandler]
2019-08-13 13:27:43.386 [ main ] - [ INFO  ] [ o.s.w.s.m.m.a.RequestMappingHandlerAdapter : 574 ] - Looking for @ControllerAdvice: org.springframework.boot.web.servlet.context.AnnotationConfigServletWebServerApplicationContext@59b38691: startup date [Tue Aug 13 13:27:33 CST 2019]; root of context hierarchy
2019-08-13 13:27:43.518 [ main ] - [ INFO  ] [ o.s.w.s.m.m.a.RequestMappingHandlerMapping : 547 ] - Mapped "{[/user/save]}" onto public com.fsl.poiexcel.common.ServerResponse com.fsl.poiexcel.controller.ExcelController1.save(int)
2019-08-13 13:27:43.520 [ main ] - [ INFO  ] [ o.s.w.s.m.m.a.RequestMappingHandlerMapping : 547 ] - Mapped "{[/user/getDoc]}" onto public void com.fsl.poiexcel.controller.ExcelController1.getDoc(javax.servlet.http.HttpServletRequest,javax.servlet.http.HttpServletResponse)
2019-08-13 13:27:43.521 [ main ] - [ INFO  ] [ o.s.w.s.m.m.a.RequestMappingHandlerMapping : 547 ] - Mapped "{[/user/downLoad],methods=[GET]}" onto public void com.fsl.poiexcel.controller.ExcelController1.downLoad(javax.servlet.http.HttpServletRequest,javax.servlet.http.HttpServletResponse,org.springframework.ui.Model) throws java.io.IOException
2019-08-13 13:27:43.522 [ main ] - [ INFO  ] [ o.s.w.s.m.m.a.RequestMappingHandlerMapping : 547 ] - Mapped "{[/user/edit]}" onto public com.fsl.poiexcel.common.ServerResponse com.fsl.poiexcel.controller.ExcelController1.edit(int)
2019-08-13 13:27:43.522 [ main ] - [ INFO  ] [ o.s.w.s.m.m.a.RequestMappingHandlerMapping : 547 ] - Mapped "{[/user/export]}" onto public void com.fsl.poiexcel.controller.ExcelController1.export(javax.servlet.http.HttpServletRequest,javax.servlet.http.HttpServletResponse) throws java.lang.Exception
2019-08-13 13:27:43.523 [ main ] - [ INFO  ] [ o.s.w.s.m.m.a.RequestMappingHandlerMapping : 547 ] - Mapped "{[/user/login],methods=[POST]}" onto public com.fsl.poiexcel.common.ServerResponse com.fsl.poiexcel.controller.ExcelController1.login(java.lang.String,java.lang.String,java.util.Map<java.lang.String, java.lang.Object>,javax.servlet.http.HttpSession)
2019-08-13 13:27:43.523 [ main ] - [ INFO  ] [ o.s.w.s.m.m.a.RequestMappingHandlerMapping : 547 ] - Mapped "{[/user/queryPage]}" onto public com.fsl.poiexcel.util.Page<com.fsl.poiexcel.bean.Student> com.fsl.poiexcel.controller.ExcelController1.queryPage(int,int)
2019-08-13 13:27:43.524 [ main ] - [ INFO  ] [ o.s.w.s.m.m.a.RequestMappingHandlerMapping : 547 ] - Mapped "{[/user/updateStu]}" onto public org.springframework.http.ResponseEntity<java.lang.Integer> com.fsl.poiexcel.controller.ExcelController1.updateStu(java.lang.String)
2019-08-13 13:27:43.524 [ main ] - [ INFO  ] [ o.s.w.s.m.m.a.RequestMappingHandlerMapping : 547 ] - Mapped "{[/user/getStudents]}" onto public java.util.List<com.fsl.poiexcel.bean.Student> com.fsl.poiexcel.controller.ExcelController1.getStudents()
2019-08-13 13:27:43.525 [ main ] - [ INFO  ] [ o.s.w.s.m.m.a.RequestMappingHandlerMapping : 547 ] - Mapped "{[/user/getStu]}" onto public org.springframework.http.ResponseEntity<com.fsl.poiexcel.bean.Student> com.fsl.poiexcel.controller.ExcelController1.getStudent(java.lang.Long)
2019-08-13 13:27:43.525 [ main ] - [ INFO  ] [ o.s.w.s.m.m.a.RequestMappingHandlerMapping : 547 ] - Mapped "{[/user/downLoadWork],methods=[GET]}" onto public void com.fsl.poiexcel.controller.ExcelController1.downLoadWork(javax.servlet.http.HttpServletRequest,javax.servlet.http.HttpServletResponse,org.springframework.ui.Model) throws java.io.IOException
2019-08-13 13:27:43.525 [ main ] - [ INFO  ] [ o.s.w.s.m.m.a.RequestMappingHandlerMapping : 547 ] - Mapped "{[/user/downFileFromBack]}" onto public void com.fsl.poiexcel.controller.ExcelController1.downFileFromBack(javax.servlet.http.HttpServletRequest,javax.servlet.http.HttpServletResponse,org.springframework.ui.Model) throws java.io.IOException
2019-08-13 13:27:43.526 [ main ] - [ INFO  ] [ o.s.w.s.m.m.a.RequestMappingHandlerMapping : 547 ] - Mapped "{[/user/saveExport],methods=[POST]}" onto public java.util.Map<java.lang.String, java.lang.Object> com.fsl.poiexcel.controller.ExcelController1.saveExport(javax.servlet.http.HttpServletRequest) throws java.io.IOException,javax.servlet.ServletException
2019-08-13 13:27:43.526 [ main ] - [ INFO  ] [ o.s.w.s.m.m.a.RequestMappingHandlerMapping : 547 ] - Mapped "{[/user/getAllStu]}" onto public org.springframework.http.ResponseEntity<java.util.List<com.fsl.poiexcel.bean.Student>> com.fsl.poiexcel.controller.ExcelController1.getAllStu()
2019-08-13 13:27:43.527 [ main ] - [ INFO  ] [ o.s.w.s.m.m.a.RequestMappingHandlerMapping : 547 ] - Mapped "{[/user/exporTemplet]}" onto public void com.fsl.poiexcel.controller.ExcelController1.exportTemplet(javax.servlet.http.HttpServletRequest,javax.servlet.http.HttpServletResponse) throws java.lang.Exception
2019-08-13 13:27:43.532 [ main ] - [ INFO  ] [ o.s.w.s.m.m.a.RequestMappingHandlerMapping : 547 ] - Mapped "{[/opreate/save]}" onto public com.fsl.poiexcel.common.ServerResponse com.fsl.poiexcel.controller.OperatelockController.save(java.lang.String,java.lang.String)
2019-08-13 13:27:43.533 [ main ] - [ INFO  ] [ o.s.w.s.m.m.a.RequestMappingHandlerMapping : 547 ] - Mapped "{[/opreate/editFile]}" onto public com.fsl.poiexcel.common.ServerResponse com.fsl.poiexcel.controller.OperatelockController.edit(java.lang.String,java.lang.String,javax.servlet.http.HttpSession)
2019-08-13 13:27:43.535 [ main ] - [ INFO  ] [ o.s.w.s.m.m.a.RequestMappingHandlerMapping : 547 ] - Mapped "{[/opreate/edit]}" onto public com.fsl.poiexcel.common.ServerResponse com.fsl.poiexcel.controller.OperatelockController.edit(java.lang.String,javax.servlet.http.HttpSession)
2019-08-13 13:27:43.536 [ main ] - [ INFO  ] [ o.s.w.s.m.m.a.RequestMappingHandlerMapping : 547 ] - Mapped "{[/opreate/sendHearteat]}" onto public com.fsl.poiexcel.common.ServerResponse com.fsl.poiexcel.controller.OperatelockController.sendHearteat(java.lang.String)
2019-08-13 13:27:43.537 [ main ] - [ INFO  ] [ o.s.w.s.m.m.a.RequestMappingHandlerMapping : 547 ] - Mapped "{[/opreate/saveExport],methods=[POST]}" onto public com.fsl.poiexcel.common.ServerResponse com.fsl.poiexcel.controller.OperatelockController.saveExport(javax.servlet.http.HttpServletRequest) throws java.io.IOException,javax.servlet.ServletException
2019-08-13 13:27:43.537 [ main ] - [ INFO  ] [ o.s.w.s.m.m.a.RequestMappingHandlerMapping : 547 ] - Mapped "{[/opreate/saveData],methods=[POST]}" onto public com.fsl.poiexcel.common.ServerResponse com.fsl.poiexcel.controller.OperatelockController.saveData(javax.servlet.http.HttpServletRequest) throws java.io.IOException,javax.servlet.ServletException
2019-08-13 13:27:43.538 [ main ] - [ INFO  ] [ o.s.w.s.m.m.a.RequestMappingHandlerMapping : 547 ] - Mapped "{[/message/opreate]}" onto public com.fsl.poiexcel.common.ServerResponse com.fsl.poiexcel.controller.OpreateController.opreate(java.lang.String,java.lang.String,javax.servlet.http.HttpSession)
2019-08-13 13:27:43.538 [ main ] - [ INFO  ] [ o.s.w.s.m.m.a.RequestMappingHandlerMapping : 547 ] - Mapped "{[/message/findUserOpreate]}" onto public com.fsl.poiexcel.common.ServerResponse com.fsl.poiexcel.controller.OpreateController.findUserOpreate(javax.servlet.http.HttpSession)
2019-08-13 13:27:43.539 [ main ] - [ INFO  ] [ o.s.w.s.m.m.a.RequestMappingHandlerMapping : 547 ] - Mapped "{[/test/testIdempotence],methods=[POST]}" onto public com.fsl.poiexcel.common.ServerResponse com.fsl.poiexcel.controller.TestController.testIdempotence()
2019-08-13 13:27:43.540 [ main ] - [ INFO  ] [ o.s.w.s.m.m.a.RequestMappingHandlerMapping : 547 ] - Mapped "{[/test/accessLimit],methods=[POST]}" onto public com.fsl.poiexcel.common.ServerResponse com.fsl.poiexcel.controller.TestController.accessLimit()
2019-08-13 13:27:43.542 [ main ] - [ INFO  ] [ o.s.w.s.m.m.a.RequestMappingHandlerMapping : 547 ] - Mapped "{[/token],methods=[GET]}" onto public com.fsl.poiexcel.common.ServerResponse com.fsl.poiexcel.controller.TokenController.token()
2019-08-13 13:27:43.545 [ main ] - [ INFO  ] [ o.s.w.s.m.m.a.RequestMappingHandlerMapping : 547 ] - Mapped "{[/error]}" onto public org.springframework.http.ResponseEntity<java.util.Map<java.lang.String, java.lang.Object>> org.springframework.boot.autoconfigure.web.servlet.error.BasicErrorController.error(javax.servlet.http.HttpServletRequest)
2019-08-13 13:27:43.547 [ main ] - [ INFO  ] [ o.s.w.s.m.m.a.RequestMappingHandlerMapping : 547 ] - Mapped "{[/error],produces=[text/html]}" onto public org.springframework.web.servlet.ModelAndView org.springframework.boot.autoconfigure.web.servlet.error.BasicErrorController.errorHtml(javax.servlet.http.HttpServletRequest,javax.servlet.http.HttpServletResponse)
2019-08-13 13:27:43.570 [ main ] - [ INFO  ] [ o.s.web.servlet.handler.SimpleUrlHandlerMapping : 360 ] - Root mapping to handler of type [class org.springframework.web.servlet.mvc.ParameterizableViewController]
2019-08-13 13:27:43.570 [ main ] - [ INFO  ] [ o.s.web.servlet.handler.SimpleUrlHandlerMapping : 373 ] - Mapped URL path [/index.html] onto handler of type [class org.springframework.web.servlet.mvc.ParameterizableViewController]
2019-08-13 13:27:43.570 [ main ] - [ INFO  ] [ o.s.web.servlet.handler.SimpleUrlHandlerMapping : 373 ] - Mapped URL path [/main.html] onto handler of type [class org.springframework.web.servlet.mvc.ParameterizableViewController]
2019-08-13 13:27:43.597 [ main ] - [ INFO  ] [ o.s.web.servlet.handler.SimpleUrlHandlerMapping : 373 ] - Mapped URL path [/webjars/**] onto handler of type [class org.springframework.web.servlet.resource.ResourceHttpRequestHandler]
2019-08-13 13:27:43.601 [ main ] - [ INFO  ] [ o.s.web.servlet.handler.SimpleUrlHandlerMapping : 373 ] - Mapped URL path [/**] onto handler of type [class org.springframework.web.servlet.resource.ResourceHttpRequestHandler]
2019-08-13 13:27:43.603 [ main ] - [ INFO  ] [ o.s.web.servlet.handler.SimpleUrlHandlerMapping : 373 ] - Mapped URL path [/static/**] onto handler of type [class org.springframework.web.servlet.resource.ResourceHttpRequestHandler]
2019-08-13 13:27:43.846 [ main ] - [ INFO  ] [ o.s.w.s.m.m.a.ExceptionHandlerExceptionResolver : 288 ] - Detected @ExceptionHandler methods in myControllerAdvice
2019-08-13 13:27:44.089 [ main ] - [ INFO  ] [ o.s.b.a.web.servlet.WelcomePageHandlerMapping : 56 ] - Adding welcome page: class path resource [public/index.html]
2019-08-13 13:27:44.839 [ main ] - [ INFO  ] [ o.s.jmx.export.annotation.AnnotationMBeanExporter : 433 ] - Registering beans for JMX exposure on startup
2019-08-13 13:27:44.842 [ main ] - [ INFO  ] [ o.s.jmx.export.annotation.AnnotationMBeanExporter : 895 ] - Bean with name 'dataSource' has been autodetected for JMX exposure
2019-08-13 13:27:44.853 [ main ] - [ INFO  ] [ o.s.jmx.export.annotation.AnnotationMBeanExporter : 895 ] - Bean with name 'rabbitConnectionFactory' has been autodetected for JMX exposure
2019-08-13 13:27:44.857 [ main ] - [ INFO  ] [ o.s.jmx.export.annotation.AnnotationMBeanExporter : 668 ] - Located MBean 'dataSource': registering with JMX server as MBean [com.zaxxer.hikari:name=dataSource,type=HikariDataSource]
2019-08-13 13:27:44.859 [ main ] - [ INFO  ] [ o.s.jmx.export.annotation.AnnotationMBeanExporter : 675 ] - Located managed bean 'rabbitConnectionFactory': registering with JMX server as MBean [org.springframework.amqp.rabbit.connection:name=rabbitConnectionFactory,type=CachingConnectionFactory]
2019-08-13 13:27:44.920 [ main ] - [ INFO  ] [ o.s.context.support.DefaultLifecycleProcessor : 351 ] - Starting beans in phase 2147483647
2019-08-13 13:27:44.930 [ main ] - [ INFO  ] [ o.s.s.a.ScheduledAnnotationBeanPostProcessor : 275 ] - No TaskScheduler/ScheduledExecutorService bean found for scheduled processing
2019-08-13 13:27:44.941 [ main ] - [ INFO  ] [ org.apache.coyote.http11.Http11NioProtocol : 180 ] - Starting ProtocolHandler ["http-nio-9090"]
2019-08-13 13:27:44.967 [ main ] - [ INFO  ] [ org.apache.tomcat.util.net.NioSelectorPool : 180 ] - Using a shared selector for servlet write/read
2019-08-13 13:27:44.993 [ main ] - [ INFO  ] [ o.s.boot.web.embedded.tomcat.TomcatWebServer : 206 ] - Tomcat started on port(s): 9090 (http) with context path ''
2019-08-13 13:27:44.999 [ main ] - [ INFO  ] [ com.fsl.poiexcel.PoiexcelApplication : 59 ] - Started PoiexcelApplication in 12.406 seconds (JVM running for 14.336)
2019-08-13 13:27:47.134 [ http-nio-9090-exec-1 ] - [ INFO  ] [ o.a.c.core.ContainerBase.[Tomcat].[localhost].[/] : 180 ] - Initializing Spring FrameworkServlet 'dispatcherServlet'
2019-08-13 13:27:47.135 [ http-nio-9090-exec-1 ] - [ INFO  ] [ org.springframework.web.servlet.DispatcherServlet : 494 ] - FrameworkServlet 'dispatcherServlet': initialization started
2019-08-13 13:27:47.162 [ http-nio-9090-exec-1 ] - [ INFO  ] [ org.springframework.web.servlet.DispatcherServlet : 509 ] - FrameworkServlet 'dispatcherServlet': initialization completed in 27 ms
2019-08-13 13:28:22.299 [ http-nio-9090-exec-3 ] - [ INFO  ] [ com.zaxxer.hikari.HikariDataSource : 110 ] - HikariPool-1 - Starting...
2019-08-13 13:28:22.674 [ http-nio-9090-exec-3 ] - [ INFO  ] [ com.zaxxer.hikari.HikariDataSource : 123 ] - HikariPool-1 - Start completed.
2019-08-13 13:28:22.690 [ http-nio-9090-exec-3 ] - [ DEBUG ] [ com.fsl.poiexcel.mapper.UserMapper.selectByExample : 159 ] - ==>  Preparing: SELECT user_id,user_name,password FROM user WHERE ( user_name = ? and password = ? ) 
2019-08-13 13:28:22.720 [ http-nio-9090-exec-3 ] - [ DEBUG ] [ com.fsl.poiexcel.mapper.UserMapper.selectByExample : 159 ] - ==> Parameters: S02(String), 123(String)
2019-08-13 13:28:22.754 [ http-nio-9090-exec-3 ] - [ DEBUG ] [ com.fsl.poiexcel.mapper.UserMapper.selectByExample : 159 ] - <==      Total: 1
2019-08-13 13:28:25.096 [ http-nio-9090-exec-6 ] - [ DEBUG ] [ c.f.p.mapper.OperateMessageMapper.selectByExample : 159 ] - ==>  Preparing: SELECT id,user_id,step_id,doc_path,inner_id FROM operate_message WHERE ( user_id = ? ) 
2019-08-13 13:28:25.097 [ http-nio-9090-exec-6 ] - [ DEBUG ] [ c.f.p.mapper.OperateMessageMapper.selectByExample : 159 ] - ==> Parameters: 3(String)
2019-08-13 13:28:25.107 [ http-nio-9090-exec-6 ] - [ DEBUG ] [ c.f.p.mapper.OperateMessageMapper.selectByExample : 159 ] - <==      Total: 1
2019-08-13 13:28:26.660 [ http-nio-9090-exec-7 ] - [ DEBUG ] [ c.f.p.m.OperateMessageMapper.selectByPrimaryKey : 159 ] - ==>  Preparing: SELECT id,user_id,step_id,doc_path,inner_id FROM operate_message WHERE id = ? 
2019-08-13 13:28:26.661 [ http-nio-9090-exec-7 ] - [ DEBUG ] [ c.f.p.m.OperateMessageMapper.selectByPrimaryKey : 159 ] - ==> Parameters: 71(Integer)
2019-08-13 13:28:26.666 [ http-nio-9090-exec-7 ] - [ DEBUG ] [ c.f.p.m.OperateMessageMapper.selectByPrimaryKey : 159 ] - <==      Total: 1
2019-08-13 13:28:26.667 [ http-nio-9090-exec-7 ] - [ INFO  ] [ com.fsl.poiexcel.service.impl.SenderServiceImpl : 42 ] - 开始发送消息
2019-08-13 13:28:26.667 [ http-nio-9090-exec-7 ] - [ INFO  ] [ com.fsl.poiexcel.service.impl.SenderServiceImpl : 63 ] - ------发送消息-------
2019-08-13 13:28:26.842 [ http-nio-9090-exec-7 ] - [ INFO  ] [ com.fsl.poiexcel.service.impl.SenderServiceImpl : 71 ] - 发送mq消息:{"docPath":"/Users/apple/shuda/tmp/spreadjs/rabbitmq/3测试/test.xlsx","innerID":"AGREE","stepID":"S02","userID":"3"}
2019-08-13 13:30:07.475 [ Thread-28 ] - [ INFO  ] [ o.s.b.w.s.c.AnnotationConfigServletWebServerApplicationContext : 993 ] - Closing org.springframework.boot.web.servlet.context.AnnotationConfigServletWebServerApplicationContext@59b38691: startup date [Tue Aug 13 13:27:33 CST 2019]; root of context hierarchy
2019-08-13 13:30:07.482 [ Thread-28 ] - [ INFO  ] [ o.s.context.support.DefaultLifecycleProcessor : 366 ] - Stopping beans in phase 2147483647
2019-08-13 13:30:07.484 [ Thread-28 ] - [ INFO  ] [ o.s.context.support.DefaultLifecycleProcessor : 366 ] - Stopping beans in phase 0
2019-08-13 13:30:07.494 [ Thread-28 ] - [ INFO  ] [ o.s.jmx.export.annotation.AnnotationMBeanExporter : 451 ] - Unregistering JMX-exposed beans on shutdown
2019-08-13 13:30:07.495 [ Thread-28 ] - [ INFO  ] [ o.s.jmx.export.annotation.AnnotationMBeanExporter : 183 ] - Unregistering JMX-exposed beans
2019-08-13 13:30:07.497 [ Thread-28 ] - [ INFO  ] [ com.zaxxer.hikari.HikariDataSource : 381 ] - HikariPool-1 - Shutdown initiated...
2019-08-13 13:30:07.506 [ Thread-28 ] - [ INFO  ] [ com.zaxxer.hikari.HikariDataSource : 383 ] - HikariPool-1 - Shutdown completed.
2019-08-13 13:30:09.774 [ http-nio-9090-exec-7 ] - [ ERROR ] [ com.fsl.poiexcel.excepetion.MyControllerAdvice : 23 ] - Exception: 
java.lang.NullPointerException: null
	at org.springframework.web.util.UrlPathHelper.removeJsessionid(UrlPathHelper.java:517)
	at org.springframework.web.util.UrlPathHelper.removeSemicolonContent(UrlPathHelper.java:502)
	at org.springframework.web.util.UrlPathHelper.decodeAndCleanUriString(UrlPathHelper.java:435)
	at org.springframework.web.util.UrlPathHelper.getOriginatingRequestUri(UrlPathHelper.java:382)
	at org.springframework.web.servlet.mvc.method.annotation.AbstractMessageConverterMethodProcessor.addContentDispositionHeader(AbstractMessageConverterMethodProcessor.java:407)
	at org.springframework.web.servlet.mvc.method.annotation.AbstractMessageConverterMethodProcessor.writeWithMessageConverters(AbstractMessageConverterMethodProcessor.java:270)
	at org.springframework.web.servlet.mvc.method.annotation.RequestResponseBodyMethodProcessor.handleReturnValue(RequestResponseBodyMethodProcessor.java:180)
	at org.springframework.web.method.support.HandlerMethodReturnValueHandlerComposite.handleReturnValue(HandlerMethodReturnValueHandlerComposite.java:82)
	at org.springframework.web.servlet.mvc.method.annotation.ServletInvocableHandlerMethod.invokeAndHandle(ServletInvocableHandlerMethod.java:119)
	at org.springframework.web.servlet.mvc.method.annotation.RequestMappingHandlerAdapter.invokeHandlerMethod(RequestMappingHandlerAdapter.java:877)
	at org.springframework.web.servlet.mvc.method.annotation.RequestMappingHandlerAdapter.handleInternal(RequestMappingHandlerAdapter.java:783)
	at org.springframework.web.servlet.mvc.method.AbstractHandlerMethodAdapter.handle(AbstractHandlerMethodAdapter.java:87)
	at org.springframework.web.servlet.DispatcherServlet.doDispatch(DispatcherServlet.java:991)
	at org.springframework.web.servlet.DispatcherServlet.doService(DispatcherServlet.java:925)
	at org.springframework.web.servlet.FrameworkServlet.processRequest(FrameworkServlet.java:974)
	at org.springframework.web.servlet.FrameworkServlet.doGet(FrameworkServlet.java:866)
	at javax.servlet.http.HttpServlet.service(HttpServlet.java:635)
	at org.springframework.web.servlet.FrameworkServlet.service(FrameworkServlet.java:851)
	at javax.servlet.http.HttpServlet.service(HttpServlet.java:742)
	at org.apache.catalina.core.ApplicationFilterChain.internalDoFilter(ApplicationFilterChain.java:231)
	at org.apache.catalina.core.ApplicationFilterChain.doFilter(ApplicationFilterChain.java:166)
	at org.apache.tomcat.websocket.server.WsFilter.doFilter(WsFilter.java:52)
	at org.apache.catalina.core.ApplicationFilterChain.internalDoFilter(ApplicationFilterChain.java:193)
	at org.apache.catalina.core.ApplicationFilterChain.doFilter(ApplicationFilterChain.java:166)
	at org.springframework.web.filter.CorsFilter.doFilterInternal(CorsFilter.java:96)
	at org.springframework.web.filter.OncePerRequestFilter.doFilter(OncePerRequestFilter.java:107)
	at org.apache.catalina.core.ApplicationFilterChain.internalDoFilter(ApplicationFilterChain.java:193)
	at org.apache.catalina.core.ApplicationFilterChain.doFilter(ApplicationFilterChain.java:166)
	at org.springframework.web.filter.RequestContextFilter.doFilterInternal(RequestContextFilter.java:99)
	at org.springframework.web.filter.OncePerRequestFilter.doFilter(OncePerRequestFilter.java:107)
	at org.apache.catalina.core.ApplicationFilterChain.internalDoFilter(ApplicationFilterChain.java:193)
	at org.apache.catalina.core.ApplicationFilterChain.doFilter(ApplicationFilterChain.java:166)
	at org.springframework.web.filter.HttpPutFormContentFilter.doFilterInternal(HttpPutFormContentFilter.java:109)
	at org.springframework.web.filter.OncePerRequestFilter.doFilter(OncePerRequestFilter.java:107)
	at org.apache.catalina.core.ApplicationFilterChain.internalDoFilter(ApplicationFilterChain.java:193)
	at org.apache.catalina.core.ApplicationFilterChain.doFilter(ApplicationFilterChain.java:166)
	at org.springframework.web.filter.HiddenHttpMethodFilter.doFilterInternal(HiddenHttpMethodFilter.java:93)
	at org.springframework.web.filter.OncePerRequestFilter.doFilter(OncePerRequestFilter.java:107)
	at org.apache.catalina.core.ApplicationFilterChain.internalDoFilter(ApplicationFilterChain.java:193)
	at org.apache.catalina.core.ApplicationFilterChain.doFilter(ApplicationFilterChain.java:166)
	at org.springframework.web.filter.CharacterEncodingFilter.doFilterInternal(CharacterEncodingFilter.java:200)
	at org.springframework.web.filter.OncePerRequestFilter.doFilter(OncePerRequestFilter.java:107)
	at org.apache.catalina.core.ApplicationFilterChain.internalDoFilter(ApplicationFilterChain.java:193)
	at org.apache.catalina.core.ApplicationFilterChain.doFilter(ApplicationFilterChain.java:166)
	at org.apache.catalina.core.StandardWrapperValve.invoke(StandardWrapperValve.java:198)
	at org.apache.catalina.core.StandardContextValve.invoke(StandardContextValve.java:96)
	at org.apache.catalina.authenticator.AuthenticatorBase.invoke(AuthenticatorBase.java:496)
	at org.apache.catalina.core.StandardHostValve.invoke(StandardHostValve.java:140)
	at org.apache.catalina.valves.ErrorReportValve.invoke(ErrorReportValve.java:81)
	at org.apache.catalina.core.StandardEngineValve.invoke(StandardEngineValve.java:87)
	at org.apache.catalina.connector.CoyoteAdapter.service(CoyoteAdapter.java:342)
	at org.apache.coyote.http11.Http11Processor.service(Http11Processor.java:803)
	at org.apache.coyote.AbstractProcessorLight.process(AbstractProcessorLight.java:66)
	at org.apache.coyote.AbstractProtocol$ConnectionHandler.process(AbstractProtocol.java:790)
	at org.apache.tomcat.util.net.NioEndpoint$SocketProcessor.doRun(NioEndpoint.java:1468)
	at org.apache.tomcat.util.net.SocketProcessorBase.run(SocketProcessorBase.java:49)
	at java.util.concurrent.ThreadPoolExecutor.runWorker(ThreadPoolExecutor.java:1149)
	at java.util.concurrent.ThreadPoolExecutor$Worker.run(ThreadPoolExecutor.java:624)
	at org.apache.tomcat.util.threads.TaskThread$WrappingRunnable.run(TaskThread.java:61)
	at java.lang.Thread.run(Thread.java:748)
2019-08-13 13:30:09.775 [ http-nio-9090-exec-7 ] - [ WARN  ] [ o.s.w.s.m.m.a.ExceptionHandlerExceptionResolver : 411 ] - Failed to invoke @ExceptionHandler method: public com.fsl.poiexcel.common.ServerResponse com.fsl.poiexcel.excepetion.MyControllerAdvice.exceptionHandler(java.lang.Exception)
java.lang.NullPointerException: null
	at org.springframework.web.util.UrlPathHelper.removeJsessionid(UrlPathHelper.java:517)
	at org.springframework.web.util.UrlPathHelper.removeSemicolonContent(UrlPathHelper.java:502)
	at org.springframework.web.util.UrlPathHelper.decodeAndCleanUriString(UrlPathHelper.java:435)
	at org.springframework.web.util.UrlPathHelper.getOriginatingRequestUri(UrlPathHelper.java:382)
	at org.springframework.web.servlet.mvc.method.annotation.AbstractMessageConverterMethodProcessor.addContentDispositionHeader(AbstractMessageConverterMethodProcessor.java:407)
	at org.springframework.web.servlet.mvc.method.annotation.AbstractMessageConverterMethodProcessor.writeWithMessageConverters(AbstractMessageConverterMethodProcessor.java:270)
	at org.springframework.web.servlet.mvc.method.annotation.RequestResponseBodyMethodProcessor.handleReturnValue(RequestResponseBodyMethodProcessor.java:180)
	at org.springframework.web.method.support.HandlerMethodReturnValueHandlerComposite.handleReturnValue(HandlerMethodReturnValueHandlerComposite.java:82)
	at org.springframework.web.servlet.mvc.method.annotation.ServletInvocableHandlerMethod.invokeAndHandle(ServletInvocableHandlerMethod.java:119)
	at org.springframework.web.servlet.mvc.method.annotation.ExceptionHandlerExceptionResolver.doResolveHandlerMethodException(ExceptionHandlerExceptionResolver.java:404)
	at org.springframework.web.servlet.handler.AbstractHandlerMethodExceptionResolver.doResolveException(AbstractHandlerMethodExceptionResolver.java:61)
	at org.springframework.web.servlet.handler.AbstractHandlerExceptionResolver.resolveException(AbstractHandlerExceptionResolver.java:139)
	at org.springframework.web.servlet.handler.HandlerExceptionResolverComposite.resolveException(HandlerExceptionResolverComposite.java:78)
	at org.springframework.web.servlet.DispatcherServlet.processHandlerException(DispatcherServlet.java:1255)
	at org.springframework.web.servlet.DispatcherServlet.processDispatchResult(DispatcherServlet.java:1062)
	at org.springframework.web.servlet.DispatcherServlet.doDispatch(DispatcherServlet.java:1008)
	at org.springframework.web.servlet.DispatcherServlet.doService(DispatcherServlet.java:925)
	at org.springframework.web.servlet.FrameworkServlet.processRequest(FrameworkServlet.java:974)
	at org.springframework.web.servlet.FrameworkServlet.doGet(FrameworkServlet.java:866)
	at javax.servlet.http.HttpServlet.service(HttpServlet.java:635)
	at org.springframework.web.servlet.FrameworkServlet.service(FrameworkServlet.java:851)
	at javax.servlet.http.HttpServlet.service(HttpServlet.java:742)
	at org.apache.catalina.core.ApplicationFilterChain.internalDoFilter(ApplicationFilterChain.java:231)
	at org.apache.catalina.core.ApplicationFilterChain.doFilter(ApplicationFilterChain.java:166)
	at org.apache.tomcat.websocket.server.WsFilter.doFilter(WsFilter.java:52)
	at org.apache.catalina.core.ApplicationFilterChain.internalDoFilter(ApplicationFilterChain.java:193)
	at org.apache.catalina.core.ApplicationFilterChain.doFilter(ApplicationFilterChain.java:166)
	at org.springframework.web.filter.CorsFilter.doFilterInternal(CorsFilter.java:96)
	at org.springframework.web.filter.OncePerRequestFilter.doFilter(OncePerRequestFilter.java:107)
	at org.apache.catalina.core.ApplicationFilterChain.internalDoFilter(ApplicationFilterChain.java:193)
	at org.apache.catalina.core.ApplicationFilterChain.doFilter(ApplicationFilterChain.java:166)
	at org.springframework.web.filter.RequestContextFilter.doFilterInternal(RequestContextFilter.java:99)
	at org.springframework.web.filter.OncePerRequestFilter.doFilter(OncePerRequestFilter.java:107)
	at org.apache.catalina.core.ApplicationFilterChain.internalDoFilter(ApplicationFilterChain.java:193)
	at org.apache.catalina.core.ApplicationFilterChain.doFilter(ApplicationFilterChain.java:166)
	at org.springframework.web.filter.HttpPutFormContentFilter.doFilterInternal(HttpPutFormContentFilter.java:109)
	at org.springframework.web.filter.OncePerRequestFilter.doFilter(OncePerRequestFilter.java:107)
	at org.apache.catalina.core.ApplicationFilterChain.internalDoFilter(ApplicationFilterChain.java:193)
	at org.apache.catalina.core.ApplicationFilterChain.doFilter(ApplicationFilterChain.java:166)
	at org.springframework.web.filter.HiddenHttpMethodFilter.doFilterInternal(HiddenHttpMethodFilter.java:93)
	at org.springframework.web.filter.OncePerRequestFilter.doFilter(OncePerRequestFilter.java:107)
	at org.apache.catalina.core.ApplicationFilterChain.internalDoFilter(ApplicationFilterChain.java:193)
	at org.apache.catalina.core.ApplicationFilterChain.doFilter(ApplicationFilterChain.java:166)
	at org.springframework.web.filter.CharacterEncodingFilter.doFilterInternal(CharacterEncodingFilter.java:200)
	at org.springframework.web.filter.OncePerRequestFilter.doFilter(OncePerRequestFilter.java:107)
	at org.apache.catalina.core.ApplicationFilterChain.internalDoFilter(ApplicationFilterChain.java:193)
	at org.apache.catalina.core.ApplicationFilterChain.doFilter(ApplicationFilterChain.java:166)
	at org.apache.catalina.core.StandardWrapperValve.invoke(StandardWrapperValve.java:198)
	at org.apache.catalina.core.StandardContextValve.invoke(StandardContextValve.java:96)
	at org.apache.catalina.authenticator.AuthenticatorBase.invoke(AuthenticatorBase.java:496)
	at org.apache.catalina.core.StandardHostValve.invoke(StandardHostValve.java:140)
	at org.apache.catalina.valves.ErrorReportValve.invoke(ErrorReportValve.java:81)
	at org.apache.catalina.core.StandardEngineValve.invoke(StandardEngineValve.java:87)
	at org.apache.catalina.connector.CoyoteAdapter.service(CoyoteAdapter.java:342)
	at org.apache.coyote.http11.Http11Processor.service(Http11Processor.java:803)
	at org.apache.coyote.AbstractProcessorLight.process(AbstractProcessorLight.java:66)
	at org.apache.coyote.AbstractProtocol$ConnectionHandler.process(AbstractProtocol.java:790)
	at org.apache.tomcat.util.net.NioEndpoint$SocketProcessor.doRun(NioEndpoint.java:1468)
	at org.apache.tomcat.util.net.SocketProcessorBase.run(SocketProcessorBase.java:49)
	at java.util.concurrent.ThreadPoolExecutor.runWorker(ThreadPoolExecutor.java:1149)
	at java.util.concurrent.ThreadPoolExecutor$Worker.run(ThreadPoolExecutor.java:624)
	at org.apache.tomcat.util.threads.TaskThread$WrappingRunnable.run(TaskThread.java:61)
	at java.lang.Thread.run(Thread.java:748)
2019-08-13 13:31:59.408 [ main ] - [ INFO  ] [ com.fsl.poiexcel.PoiexcelApplication : 50 ] - Starting PoiexcelApplication on localhost with PID 45066 (/Users/work/workspace/bitman/poiexcel/target/classes started by a123 in /Users/work/workspace/bitman/poiexcel)
2019-08-13 13:31:59.411 [ main ] - [ DEBUG ] [ com.fsl.poiexcel.PoiexcelApplication : 53 ] - Running with Spring Boot v2.0.3.RELEASE, Spring v5.0.7.RELEASE
2019-08-13 13:31:59.413 [ main ] - [ INFO  ] [ com.fsl.poiexcel.PoiexcelApplication : 659 ] - No active profile set, falling back to default profiles: default
2019-08-13 13:31:59.506 [ main ] - [ INFO  ] [ o.s.b.w.s.c.AnnotationConfigServletWebServerApplicationContext : 590 ] - Refreshing org.springframework.boot.web.servlet.context.AnnotationConfigServletWebServerApplicationContext@4ff4357f: startup date [Tue Aug 13 13:31:59 CST 2019]; root of context hierarchy
2019-08-13 13:32:00.560 [ main ] - [ WARN  ] [ tk.mybatis.spring.mapper.ClassPathMapperScanner : 142 ] - No MyBatis mapper was found in '[com.fsl.poiexcel]' package. Please check your configuration.
2019-08-13 13:32:00.590 [ main ] - [ WARN  ] [ org.mybatis.spring.mapper.ClassPathMapperScanner : 44 ] - No MyBatis mapper was found in '[com.fsl.poiexcel]' package. Please check your configuration.
2019-08-13 13:32:01.125 [ main ] - [ INFO  ] [ o.s.c.s.PostProcessorRegistrationDelegate$BeanPostProcessorChecker : 328 ] - Bean 'org.springframework.amqp.rabbit.annotation.RabbitBootstrapConfiguration' of type [org.springframework.amqp.rabbit.annotation.RabbitBootstrapConfiguration$$EnhancerBySpringCGLIB$$56c8585] is not eligible for getting processed by all BeanPostProcessors (for example: not eligible for auto-proxying)
2019-08-13 13:32:01.752 [ main ] - [ INFO  ] [ o.s.boot.web.embedded.tomcat.TomcatWebServer : 91 ] - Tomcat initialized with port(s): 9090 (http)
2019-08-13 13:32:01.774 [ main ] - [ INFO  ] [ org.apache.coyote.http11.Http11NioProtocol : 180 ] - Initializing ProtocolHandler ["http-nio-9090"]
2019-08-13 13:32:01.789 [ main ] - [ INFO  ] [ org.apache.catalina.core.StandardService : 180 ] - Starting service [Tomcat]
2019-08-13 13:32:01.789 [ main ] - [ INFO  ] [ org.apache.catalina.core.StandardEngine : 180 ] - Starting Servlet Engine: Apache Tomcat/8.5.31
2019-08-13 13:32:01.794 [ localhost-startStop-1 ] - [ INFO  ] [ org.apache.catalina.core.AprLifecycleListener : 180 ] - The APR based Apache Tomcat Native library which allows optimal performance in production environments was not found on the java.library.path: [/Users/a123/Library/Java/Extensions:/Library/Java/Extensions:/Network/Library/Java/Extensions:/System/Library/Java/Extensions:/usr/lib/java:.]
2019-08-13 13:32:01.914 [ localhost-startStop-1 ] - [ INFO  ] [ o.a.c.core.ContainerBase.[Tomcat].[localhost].[/] : 180 ] - Initializing Spring embedded WebApplicationContext
2019-08-13 13:32:01.915 [ localhost-startStop-1 ] - [ INFO  ] [ org.springframework.web.context.ContextLoader : 285 ] - Root WebApplicationContext: initialization completed in 2409 ms
2019-08-13 13:32:02.252 [ localhost-startStop-1 ] - [ INFO  ] [ o.s.boot.web.servlet.ServletRegistrationBean : 186 ] - Servlet dispatcherServlet mapped to [/]
2019-08-13 13:32:02.258 [ localhost-startStop-1 ] - [ INFO  ] [ o.s.boot.web.servlet.FilterRegistrationBean : 245 ] - Mapping filter: 'characterEncodingFilter' to: [/*]
2019-08-13 13:32:02.259 [ localhost-startStop-1 ] - [ INFO  ] [ o.s.boot.web.servlet.FilterRegistrationBean : 245 ] - Mapping filter: 'hiddenHttpMethodFilter' to: [/*]
2019-08-13 13:32:02.259 [ localhost-startStop-1 ] - [ INFO  ] [ o.s.boot.web.servlet.FilterRegistrationBean : 245 ] - Mapping filter: 'httpPutFormContentFilter' to: [/*]
2019-08-13 13:32:02.259 [ localhost-startStop-1 ] - [ INFO  ] [ o.s.boot.web.servlet.FilterRegistrationBean : 245 ] - Mapping filter: 'requestContextFilter' to: [/*]
2019-08-13 13:32:02.259 [ localhost-startStop-1 ] - [ INFO  ] [ o.s.boot.web.servlet.FilterRegistrationBean : 245 ] - Mapping filter: 'corsFilter' to: [/*]
2019-08-13 13:32:03.006 [ main ] - [ WARN  ] [ t.m.m.mapperhelper.resolve.DefaultEntityResolve : 146 ] - 通用 Mapper 警告信息: <[EntityColumn{table=student, property='ver', column='ver', javaType=int, jdbcType=null, typeHandler=null, id=false, identity=false, blob=false, generator='null', orderBy='null', insertable=true, updatable=true, order=null}]> 使用了基本类型，基本类型在动态 SQL 中由于存在默认值，因此任何时候都不等于 null，建议修改基本类型为对应的包装类型!
2019-08-13 13:32:03.478 [ main ] - [ INFO  ] [ o.s.web.servlet.handler.SimpleUrlHandlerMapping : 373 ] - Mapped URL path [/**/favicon.ico] onto handler of type [class org.springframework.web.servlet.resource.ResourceHttpRequestHandler]
2019-08-13 13:32:03.787 [ main ] - [ INFO  ] [ o.s.w.s.m.m.a.RequestMappingHandlerAdapter : 574 ] - Looking for @ControllerAdvice: org.springframework.boot.web.servlet.context.AnnotationConfigServletWebServerApplicationContext@4ff4357f: startup date [Tue Aug 13 13:31:59 CST 2019]; root of context hierarchy
2019-08-13 13:32:03.885 [ main ] - [ INFO  ] [ o.s.w.s.m.m.a.RequestMappingHandlerMapping : 547 ] - Mapped "{[/user/save]}" onto public com.fsl.poiexcel.common.ServerResponse com.fsl.poiexcel.controller.ExcelController1.save(int)
2019-08-13 13:32:03.886 [ main ] - [ INFO  ] [ o.s.w.s.m.m.a.RequestMappingHandlerMapping : 547 ] - Mapped "{[/user/export]}" onto public void com.fsl.poiexcel.controller.ExcelController1.export(javax.servlet.http.HttpServletRequest,javax.servlet.http.HttpServletResponse) throws java.lang.Exception
2019-08-13 13:32:03.887 [ main ] - [ INFO  ] [ o.s.w.s.m.m.a.RequestMappingHandlerMapping : 547 ] - Mapped "{[/user/downLoad],methods=[GET]}" onto public void com.fsl.poiexcel.controller.ExcelController1.downLoad(javax.servlet.http.HttpServletRequest,javax.servlet.http.HttpServletResponse,org.springframework.ui.Model) throws java.io.IOException
2019-08-13 13:32:03.887 [ main ] - [ INFO  ] [ o.s.w.s.m.m.a.RequestMappingHandlerMapping : 547 ] - Mapped "{[/user/getDoc]}" onto public void com.fsl.poiexcel.controller.ExcelController1.getDoc(javax.servlet.http.HttpServletRequest,javax.servlet.http.HttpServletResponse)
2019-08-13 13:32:03.888 [ main ] - [ INFO  ] [ o.s.w.s.m.m.a.RequestMappingHandlerMapping : 547 ] - Mapped "{[/user/edit]}" onto public com.fsl.poiexcel.common.ServerResponse com.fsl.poiexcel.controller.ExcelController1.edit(int)
2019-08-13 13:32:03.888 [ main ] - [ INFO  ] [ o.s.w.s.m.m.a.RequestMappingHandlerMapping : 547 ] - Mapped "{[/user/login],methods=[POST]}" onto public com.fsl.poiexcel.common.ServerResponse com.fsl.poiexcel.controller.ExcelController1.login(java.lang.String,java.lang.String,java.util.Map<java.lang.String, java.lang.Object>,javax.servlet.http.HttpSession)
2019-08-13 13:32:03.889 [ main ] - [ INFO  ] [ o.s.w.s.m.m.a.RequestMappingHandlerMapping : 547 ] - Mapped "{[/user/queryPage]}" onto public com.fsl.poiexcel.util.Page<com.fsl.poiexcel.bean.Student> com.fsl.poiexcel.controller.ExcelController1.queryPage(int,int)
2019-08-13 13:32:03.889 [ main ] - [ INFO  ] [ o.s.w.s.m.m.a.RequestMappingHandlerMapping : 547 ] - Mapped "{[/user/updateStu]}" onto public org.springframework.http.ResponseEntity<java.lang.Integer> com.fsl.poiexcel.controller.ExcelController1.updateStu(java.lang.String)
2019-08-13 13:32:03.890 [ main ] - [ INFO  ] [ o.s.w.s.m.m.a.RequestMappingHandlerMapping : 547 ] - Mapped "{[/user/getStudents]}" onto public java.util.List<com.fsl.poiexcel.bean.Student> com.fsl.poiexcel.controller.ExcelController1.getStudents()
2019-08-13 13:32:03.891 [ main ] - [ INFO  ] [ o.s.w.s.m.m.a.RequestMappingHandlerMapping : 547 ] - Mapped "{[/user/getStu]}" onto public org.springframework.http.ResponseEntity<com.fsl.poiexcel.bean.Student> com.fsl.poiexcel.controller.ExcelController1.getStudent(java.lang.Long)
2019-08-13 13:32:03.891 [ main ] - [ INFO  ] [ o.s.w.s.m.m.a.RequestMappingHandlerMapping : 547 ] - Mapped "{[/user/downLoadWork],methods=[GET]}" onto public void com.fsl.poiexcel.controller.ExcelController1.downLoadWork(javax.servlet.http.HttpServletRequest,javax.servlet.http.HttpServletResponse,org.springframework.ui.Model) throws java.io.IOException
2019-08-13 13:32:03.892 [ main ] - [ INFO  ] [ o.s.w.s.m.m.a.RequestMappingHandlerMapping : 547 ] - Mapped "{[/user/downFileFromBack]}" onto public void com.fsl.poiexcel.controller.ExcelController1.downFileFromBack(javax.servlet.http.HttpServletRequest,javax.servlet.http.HttpServletResponse,org.springframework.ui.Model) throws java.io.IOException
2019-08-13 13:32:03.892 [ main ] - [ INFO  ] [ o.s.w.s.m.m.a.RequestMappingHandlerMapping : 547 ] - Mapped "{[/user/saveExport],methods=[POST]}" onto public java.util.Map<java.lang.String, java.lang.Object> com.fsl.poiexcel.controller.ExcelController1.saveExport(javax.servlet.http.HttpServletRequest) throws java.io.IOException,javax.servlet.ServletException
2019-08-13 13:32:03.893 [ main ] - [ INFO  ] [ o.s.w.s.m.m.a.RequestMappingHandlerMapping : 547 ] - Mapped "{[/user/getAllStu]}" onto public org.springframework.http.ResponseEntity<java.util.List<com.fsl.poiexcel.bean.Student>> com.fsl.poiexcel.controller.ExcelController1.getAllStu()
2019-08-13 13:32:03.894 [ main ] - [ INFO  ] [ o.s.w.s.m.m.a.RequestMappingHandlerMapping : 547 ] - Mapped "{[/user/exporTemplet]}" onto public void com.fsl.poiexcel.controller.ExcelController1.exportTemplet(javax.servlet.http.HttpServletRequest,javax.servlet.http.HttpServletResponse) throws java.lang.Exception
2019-08-13 13:32:03.898 [ main ] - [ INFO  ] [ o.s.w.s.m.m.a.RequestMappingHandlerMapping : 547 ] - Mapped "{[/opreate/save]}" onto public com.fsl.poiexcel.common.ServerResponse com.fsl.poiexcel.controller.OperatelockController.save(java.lang.String,java.lang.String)
2019-08-13 13:32:03.898 [ main ] - [ INFO  ] [ o.s.w.s.m.m.a.RequestMappingHandlerMapping : 547 ] - Mapped "{[/opreate/saveData],methods=[POST]}" onto public com.fsl.poiexcel.common.ServerResponse com.fsl.poiexcel.controller.OperatelockController.saveData(javax.servlet.http.HttpServletRequest) throws java.io.IOException,javax.servlet.ServletException
2019-08-13 13:32:03.899 [ main ] - [ INFO  ] [ o.s.w.s.m.m.a.RequestMappingHandlerMapping : 547 ] - Mapped "{[/opreate/sendHearteat]}" onto public com.fsl.poiexcel.common.ServerResponse com.fsl.poiexcel.controller.OperatelockController.sendHearteat(java.lang.String)
2019-08-13 13:32:03.899 [ main ] - [ INFO  ] [ o.s.w.s.m.m.a.RequestMappingHandlerMapping : 547 ] - Mapped "{[/opreate/editFile]}" onto public com.fsl.poiexcel.common.ServerResponse com.fsl.poiexcel.controller.OperatelockController.edit(java.lang.String,java.lang.String,javax.servlet.http.HttpSession)
2019-08-13 13:32:03.900 [ main ] - [ INFO  ] [ o.s.w.s.m.m.a.RequestMappingHandlerMapping : 547 ] - Mapped "{[/opreate/edit]}" onto public com.fsl.poiexcel.common.ServerResponse com.fsl.poiexcel.controller.OperatelockController.edit(java.lang.String,javax.servlet.http.HttpSession)
2019-08-13 13:32:03.900 [ main ] - [ INFO  ] [ o.s.w.s.m.m.a.RequestMappingHandlerMapping : 547 ] - Mapped "{[/opreate/saveExport],methods=[POST]}" onto public com.fsl.poiexcel.common.ServerResponse com.fsl.poiexcel.controller.OperatelockController.saveExport(javax.servlet.http.HttpServletRequest) throws java.io.IOException,javax.servlet.ServletException
2019-08-13 13:32:03.901 [ main ] - [ INFO  ] [ o.s.w.s.m.m.a.RequestMappingHandlerMapping : 547 ] - Mapped "{[/message/opreate]}" onto public com.fsl.poiexcel.common.ServerResponse com.fsl.poiexcel.controller.OpreateController.opreate(java.lang.String,java.lang.String,javax.servlet.http.HttpSession)
2019-08-13 13:32:03.902 [ main ] - [ INFO  ] [ o.s.w.s.m.m.a.RequestMappingHandlerMapping : 547 ] - Mapped "{[/message/findUserOpreate]}" onto public com.fsl.poiexcel.common.ServerResponse com.fsl.poiexcel.controller.OpreateController.findUserOpreate(javax.servlet.http.HttpSession)
2019-08-13 13:32:03.903 [ main ] - [ INFO  ] [ o.s.w.s.m.m.a.RequestMappingHandlerMapping : 547 ] - Mapped "{[/test/testIdempotence],methods=[POST]}" onto public com.fsl.poiexcel.common.ServerResponse com.fsl.poiexcel.controller.TestController.testIdempotence()
2019-08-13 13:32:03.904 [ main ] - [ INFO  ] [ o.s.w.s.m.m.a.RequestMappingHandlerMapping : 547 ] - Mapped "{[/test/accessLimit],methods=[POST]}" onto public com.fsl.poiexcel.common.ServerResponse com.fsl.poiexcel.controller.TestController.accessLimit()
2019-08-13 13:32:03.907 [ main ] - [ INFO  ] [ o.s.w.s.m.m.a.RequestMappingHandlerMapping : 547 ] - Mapped "{[/token],methods=[GET]}" onto public com.fsl.poiexcel.common.ServerResponse com.fsl.poiexcel.controller.TokenController.token()
2019-08-13 13:32:03.911 [ main ] - [ INFO  ] [ o.s.w.s.m.m.a.RequestMappingHandlerMapping : 547 ] - Mapped "{[/error]}" onto public org.springframework.http.ResponseEntity<java.util.Map<java.lang.String, java.lang.Object>> org.springframework.boot.autoconfigure.web.servlet.error.BasicErrorController.error(javax.servlet.http.HttpServletRequest)
2019-08-13 13:32:03.912 [ main ] - [ INFO  ] [ o.s.w.s.m.m.a.RequestMappingHandlerMapping : 547 ] - Mapped "{[/error],produces=[text/html]}" onto public org.springframework.web.servlet.ModelAndView org.springframework.boot.autoconfigure.web.servlet.error.BasicErrorController.errorHtml(javax.servlet.http.HttpServletRequest,javax.servlet.http.HttpServletResponse)
2019-08-13 13:32:03.929 [ main ] - [ INFO  ] [ o.s.web.servlet.handler.SimpleUrlHandlerMapping : 360 ] - Root mapping to handler of type [class org.springframework.web.servlet.mvc.ParameterizableViewController]
2019-08-13 13:32:03.930 [ main ] - [ INFO  ] [ o.s.web.servlet.handler.SimpleUrlHandlerMapping : 373 ] - Mapped URL path [/index.html] onto handler of type [class org.springframework.web.servlet.mvc.ParameterizableViewController]
2019-08-13 13:32:03.930 [ main ] - [ INFO  ] [ o.s.web.servlet.handler.SimpleUrlHandlerMapping : 373 ] - Mapped URL path [/main.html] onto handler of type [class org.springframework.web.servlet.mvc.ParameterizableViewController]
2019-08-13 13:32:03.955 [ main ] - [ INFO  ] [ o.s.web.servlet.handler.SimpleUrlHandlerMapping : 373 ] - Mapped URL path [/webjars/**] onto handler of type [class org.springframework.web.servlet.resource.ResourceHttpRequestHandler]
2019-08-13 13:32:03.956 [ main ] - [ INFO  ] [ o.s.web.servlet.handler.SimpleUrlHandlerMapping : 373 ] - Mapped URL path [/**] onto handler of type [class org.springframework.web.servlet.resource.ResourceHttpRequestHandler]
2019-08-13 13:32:03.956 [ main ] - [ INFO  ] [ o.s.web.servlet.handler.SimpleUrlHandlerMapping : 373 ] - Mapped URL path [/static/**] onto handler of type [class org.springframework.web.servlet.resource.ResourceHttpRequestHandler]
2019-08-13 13:32:04.051 [ main ] - [ INFO  ] [ o.s.w.s.m.m.a.ExceptionHandlerExceptionResolver : 288 ] - Detected @ExceptionHandler methods in myControllerAdvice
2019-08-13 13:32:04.309 [ main ] - [ INFO  ] [ o.s.b.a.web.servlet.WelcomePageHandlerMapping : 56 ] - Adding welcome page: class path resource [public/index.html]
2019-08-13 13:32:04.872 [ main ] - [ INFO  ] [ o.s.jmx.export.annotation.AnnotationMBeanExporter : 433 ] - Registering beans for JMX exposure on startup
2019-08-13 13:32:04.875 [ main ] - [ INFO  ] [ o.s.jmx.export.annotation.AnnotationMBeanExporter : 895 ] - Bean with name 'dataSource' has been autodetected for JMX exposure
2019-08-13 13:32:04.886 [ main ] - [ INFO  ] [ o.s.jmx.export.annotation.AnnotationMBeanExporter : 895 ] - Bean with name 'rabbitConnectionFactory' has been autodetected for JMX exposure
2019-08-13 13:32:04.891 [ main ] - [ INFO  ] [ o.s.jmx.export.annotation.AnnotationMBeanExporter : 668 ] - Located MBean 'dataSource': registering with JMX server as MBean [com.zaxxer.hikari:name=dataSource,type=HikariDataSource]
2019-08-13 13:32:04.893 [ main ] - [ INFO  ] [ o.s.jmx.export.annotation.AnnotationMBeanExporter : 675 ] - Located managed bean 'rabbitConnectionFactory': registering with JMX server as MBean [org.springframework.amqp.rabbit.connection:name=rabbitConnectionFactory,type=CachingConnectionFactory]
2019-08-13 13:32:04.918 [ main ] - [ INFO  ] [ o.s.context.support.DefaultLifecycleProcessor : 351 ] - Starting beans in phase 2147483647
2019-08-13 13:32:04.930 [ main ] - [ INFO  ] [ o.s.s.a.ScheduledAnnotationBeanPostProcessor : 275 ] - No TaskScheduler/ScheduledExecutorService bean found for scheduled processing
2019-08-13 13:32:04.938 [ main ] - [ INFO  ] [ org.apache.coyote.http11.Http11NioProtocol : 180 ] - Starting ProtocolHandler ["http-nio-9090"]
2019-08-13 13:32:04.966 [ main ] - [ INFO  ] [ org.apache.tomcat.util.net.NioSelectorPool : 180 ] - Using a shared selector for servlet write/read
2019-08-13 13:32:04.986 [ main ] - [ INFO  ] [ o.s.boot.web.embedded.tomcat.TomcatWebServer : 206 ] - Tomcat started on port(s): 9090 (http) with context path ''
2019-08-13 13:32:04.991 [ main ] - [ INFO  ] [ com.fsl.poiexcel.PoiexcelApplication : 59 ] - Started PoiexcelApplication in 6.035 seconds (JVM running for 7.435)
2019-08-13 13:32:22.540 [ http-nio-9090-exec-1 ] - [ INFO  ] [ o.a.c.core.ContainerBase.[Tomcat].[localhost].[/] : 180 ] - Initializing Spring FrameworkServlet 'dispatcherServlet'
2019-08-13 13:32:22.540 [ http-nio-9090-exec-1 ] - [ INFO  ] [ org.springframework.web.servlet.DispatcherServlet : 494 ] - FrameworkServlet 'dispatcherServlet': initialization started
2019-08-13 13:32:22.643 [ http-nio-9090-exec-1 ] - [ INFO  ] [ org.springframework.web.servlet.DispatcherServlet : 509 ] - FrameworkServlet 'dispatcherServlet': initialization completed in 102 ms
2019-08-13 13:32:31.522 [ http-nio-9090-exec-3 ] - [ INFO  ] [ com.zaxxer.hikari.HikariDataSource : 110 ] - HikariPool-1 - Starting...
2019-08-13 13:32:31.849 [ http-nio-9090-exec-3 ] - [ INFO  ] [ com.zaxxer.hikari.HikariDataSource : 123 ] - HikariPool-1 - Start completed.
2019-08-13 13:32:31.859 [ http-nio-9090-exec-3 ] - [ DEBUG ] [ com.fsl.poiexcel.mapper.UserMapper.selectByExample : 159 ] - ==>  Preparing: SELECT user_id,user_name,password FROM user WHERE ( user_name = ? and password = ? ) 
2019-08-13 13:32:31.884 [ http-nio-9090-exec-3 ] - [ DEBUG ] [ com.fsl.poiexcel.mapper.UserMapper.selectByExample : 159 ] - ==> Parameters: S02(String), 123(String)
2019-08-13 13:32:31.906 [ http-nio-9090-exec-3 ] - [ DEBUG ] [ com.fsl.poiexcel.mapper.UserMapper.selectByExample : 159 ] - <==      Total: 1
2019-08-13 13:33:03.405 [ Thread-16 ] - [ INFO  ] [ o.s.b.w.s.c.AnnotationConfigServletWebServerApplicationContext : 993 ] - Closing org.springframework.boot.web.servlet.context.AnnotationConfigServletWebServerApplicationContext@4ff4357f: startup date [Tue Aug 13 13:31:59 CST 2019]; root of context hierarchy
2019-08-13 13:33:03.415 [ Thread-16 ] - [ INFO  ] [ o.s.context.support.DefaultLifecycleProcessor : 366 ] - Stopping beans in phase 2147483647
2019-08-13 13:33:03.416 [ Thread-16 ] - [ INFO  ] [ o.s.context.support.DefaultLifecycleProcessor : 366 ] - Stopping beans in phase 0
2019-08-13 13:33:03.420 [ Thread-16 ] - [ INFO  ] [ o.s.jmx.export.annotation.AnnotationMBeanExporter : 451 ] - Unregistering JMX-exposed beans on shutdown
2019-08-13 13:33:03.421 [ Thread-16 ] - [ INFO  ] [ o.s.jmx.export.annotation.AnnotationMBeanExporter : 183 ] - Unregistering JMX-exposed beans
2019-08-13 13:33:03.423 [ Thread-16 ] - [ INFO  ] [ com.zaxxer.hikari.HikariDataSource : 381 ] - HikariPool-1 - Shutdown initiated...
2019-08-13 13:33:03.431 [ Thread-16 ] - [ INFO  ] [ com.zaxxer.hikari.HikariDataSource : 383 ] - HikariPool-1 - Shutdown completed.
2019-08-13 13:33:10.316 [ main ] - [ INFO  ] [ com.fsl.poiexcel.PoiexcelApplication : 50 ] - Starting PoiexcelApplication on localhost with PID 45094 (/Users/work/workspace/bitman/poiexcel/target/classes started by a123 in /Users/work/workspace/bitman/poiexcel)
2019-08-13 13:33:10.320 [ main ] - [ DEBUG ] [ com.fsl.poiexcel.PoiexcelApplication : 53 ] - Running with Spring Boot v2.0.3.RELEASE, Spring v5.0.7.RELEASE
2019-08-13 13:33:10.322 [ main ] - [ INFO  ] [ com.fsl.poiexcel.PoiexcelApplication : 659 ] - No active profile set, falling back to default profiles: default
2019-08-13 13:33:10.421 [ main ] - [ INFO  ] [ o.s.b.w.s.c.AnnotationConfigServletWebServerApplicationContext : 590 ] - Refreshing org.springframework.boot.web.servlet.context.AnnotationConfigServletWebServerApplicationContext@4f25b795: startup date [Tue Aug 13 13:33:10 CST 2019]; root of context hierarchy
2019-08-13 13:33:11.474 [ main ] - [ WARN  ] [ tk.mybatis.spring.mapper.ClassPathMapperScanner : 142 ] - No MyBatis mapper was found in '[com.fsl.poiexcel]' package. Please check your configuration.
2019-08-13 13:33:11.492 [ main ] - [ WARN  ] [ org.mybatis.spring.mapper.ClassPathMapperScanner : 44 ] - No MyBatis mapper was found in '[com.fsl.poiexcel]' package. Please check your configuration.
2019-08-13 13:33:11.999 [ main ] - [ INFO  ] [ o.s.c.s.PostProcessorRegistrationDelegate$BeanPostProcessorChecker : 328 ] - Bean 'org.springframework.amqp.rabbit.annotation.RabbitBootstrapConfiguration' of type [org.springframework.amqp.rabbit.annotation.RabbitBootstrapConfiguration$$EnhancerBySpringCGLIB$$24afc898] is not eligible for getting processed by all BeanPostProcessors (for example: not eligible for auto-proxying)
2019-08-13 13:33:12.442 [ main ] - [ INFO  ] [ o.s.boot.web.embedded.tomcat.TomcatWebServer : 91 ] - Tomcat initialized with port(s): 9090 (http)
2019-08-13 13:33:12.456 [ main ] - [ INFO  ] [ org.apache.coyote.http11.Http11NioProtocol : 180 ] - Initializing ProtocolHandler ["http-nio-9090"]
2019-08-13 13:33:12.469 [ main ] - [ INFO  ] [ org.apache.catalina.core.StandardService : 180 ] - Starting service [Tomcat]
2019-08-13 13:33:12.469 [ main ] - [ INFO  ] [ org.apache.catalina.core.StandardEngine : 180 ] - Starting Servlet Engine: Apache Tomcat/8.5.31
2019-08-13 13:33:12.475 [ localhost-startStop-1 ] - [ INFO  ] [ org.apache.catalina.core.AprLifecycleListener : 180 ] - The APR based Apache Tomcat Native library which allows optimal performance in production environments was not found on the java.library.path: [/Users/a123/Library/Java/Extensions:/Library/Java/Extensions:/Network/Library/Java/Extensions:/System/Library/Java/Extensions:/usr/lib/java:.]
2019-08-13 13:33:12.581 [ localhost-startStop-1 ] - [ INFO  ] [ o.a.c.core.ContainerBase.[Tomcat].[localhost].[/] : 180 ] - Initializing Spring embedded WebApplicationContext
2019-08-13 13:33:12.582 [ localhost-startStop-1 ] - [ INFO  ] [ org.springframework.web.context.ContextLoader : 285 ] - Root WebApplicationContext: initialization completed in 2161 ms
2019-08-13 13:33:12.869 [ localhost-startStop-1 ] - [ INFO  ] [ o.s.boot.web.servlet.ServletRegistrationBean : 186 ] - Servlet dispatcherServlet mapped to [/]
2019-08-13 13:33:12.875 [ localhost-startStop-1 ] - [ INFO  ] [ o.s.boot.web.servlet.FilterRegistrationBean : 245 ] - Mapping filter: 'characterEncodingFilter' to: [/*]
2019-08-13 13:33:12.875 [ localhost-startStop-1 ] - [ INFO  ] [ o.s.boot.web.servlet.FilterRegistrationBean : 245 ] - Mapping filter: 'hiddenHttpMethodFilter' to: [/*]
2019-08-13 13:33:12.876 [ localhost-startStop-1 ] - [ INFO  ] [ o.s.boot.web.servlet.FilterRegistrationBean : 245 ] - Mapping filter: 'httpPutFormContentFilter' to: [/*]
2019-08-13 13:33:12.876 [ localhost-startStop-1 ] - [ INFO  ] [ o.s.boot.web.servlet.FilterRegistrationBean : 245 ] - Mapping filter: 'requestContextFilter' to: [/*]
2019-08-13 13:33:12.876 [ localhost-startStop-1 ] - [ INFO  ] [ o.s.boot.web.servlet.FilterRegistrationBean : 245 ] - Mapping filter: 'corsFilter' to: [/*]
2019-08-13 13:33:13.468 [ main ] - [ WARN  ] [ t.m.m.mapperhelper.resolve.DefaultEntityResolve : 146 ] - 通用 Mapper 警告信息: <[EntityColumn{table=student, property='ver', column='ver', javaType=int, jdbcType=null, typeHandler=null, id=false, identity=false, blob=false, generator='null', orderBy='null', insertable=true, updatable=true, order=null}]> 使用了基本类型，基本类型在动态 SQL 中由于存在默认值，因此任何时候都不等于 null，建议修改基本类型为对应的包装类型!
2019-08-13 13:33:13.983 [ main ] - [ INFO  ] [ o.s.web.servlet.handler.SimpleUrlHandlerMapping : 373 ] - Mapped URL path [/**/favicon.ico] onto handler of type [class org.springframework.web.servlet.resource.ResourceHttpRequestHandler]
2019-08-13 13:33:14.314 [ main ] - [ INFO  ] [ o.s.w.s.m.m.a.RequestMappingHandlerAdapter : 574 ] - Looking for @ControllerAdvice: org.springframework.boot.web.servlet.context.AnnotationConfigServletWebServerApplicationContext@4f25b795: startup date [Tue Aug 13 13:33:10 CST 2019]; root of context hierarchy
2019-08-13 13:33:14.417 [ main ] - [ INFO  ] [ o.s.w.s.m.m.a.RequestMappingHandlerMapping : 547 ] - Mapped "{[/user/save]}" onto public com.fsl.poiexcel.common.ServerResponse com.fsl.poiexcel.controller.ExcelController1.save(int)
2019-08-13 13:33:14.418 [ main ] - [ INFO  ] [ o.s.w.s.m.m.a.RequestMappingHandlerMapping : 547 ] - Mapped "{[/user/login],methods=[POST]}" onto public com.fsl.poiexcel.common.ServerResponse com.fsl.poiexcel.controller.ExcelController1.login(java.lang.String,java.lang.String,java.util.Map<java.lang.String, java.lang.Object>,javax.servlet.http.HttpSession)
2019-08-13 13:33:14.419 [ main ] - [ INFO  ] [ o.s.w.s.m.m.a.RequestMappingHandlerMapping : 547 ] - Mapped "{[/user/export]}" onto public void com.fsl.poiexcel.controller.ExcelController1.export(javax.servlet.http.HttpServletRequest,javax.servlet.http.HttpServletResponse) throws java.lang.Exception
2019-08-13 13:33:14.419 [ main ] - [ INFO  ] [ o.s.w.s.m.m.a.RequestMappingHandlerMapping : 547 ] - Mapped "{[/user/getDoc]}" onto public void com.fsl.poiexcel.controller.ExcelController1.getDoc(javax.servlet.http.HttpServletRequest,javax.servlet.http.HttpServletResponse)
2019-08-13 13:33:14.420 [ main ] - [ INFO  ] [ o.s.w.s.m.m.a.RequestMappingHandlerMapping : 547 ] - Mapped "{[/user/edit]}" onto public com.fsl.poiexcel.common.ServerResponse com.fsl.poiexcel.controller.ExcelController1.edit(int)
2019-08-13 13:33:14.420 [ main ] - [ INFO  ] [ o.s.w.s.m.m.a.RequestMappingHandlerMapping : 547 ] - Mapped "{[/user/downLoad],methods=[GET]}" onto public void com.fsl.poiexcel.controller.ExcelController1.downLoad(javax.servlet.http.HttpServletRequest,javax.servlet.http.HttpServletResponse,org.springframework.ui.Model) throws java.io.IOException
2019-08-13 13:33:14.421 [ main ] - [ INFO  ] [ o.s.w.s.m.m.a.RequestMappingHandlerMapping : 547 ] - Mapped "{[/user/queryPage]}" onto public com.fsl.poiexcel.util.Page<com.fsl.poiexcel.bean.Student> com.fsl.poiexcel.controller.ExcelController1.queryPage(int,int)
2019-08-13 13:33:14.421 [ main ] - [ INFO  ] [ o.s.w.s.m.m.a.RequestMappingHandlerMapping : 547 ] - Mapped "{[/user/updateStu]}" onto public org.springframework.http.ResponseEntity<java.lang.Integer> com.fsl.poiexcel.controller.ExcelController1.updateStu(java.lang.String)
2019-08-13 13:33:14.422 [ main ] - [ INFO  ] [ o.s.w.s.m.m.a.RequestMappingHandlerMapping : 547 ] - Mapped "{[/user/getStudents]}" onto public java.util.List<com.fsl.poiexcel.bean.Student> com.fsl.poiexcel.controller.ExcelController1.getStudents()
2019-08-13 13:33:14.422 [ main ] - [ INFO  ] [ o.s.w.s.m.m.a.RequestMappingHandlerMapping : 547 ] - Mapped "{[/user/getStu]}" onto public org.springframework.http.ResponseEntity<com.fsl.poiexcel.bean.Student> com.fsl.poiexcel.controller.ExcelController1.getStudent(java.lang.Long)
2019-08-13 13:33:14.423 [ main ] - [ INFO  ] [ o.s.w.s.m.m.a.RequestMappingHandlerMapping : 547 ] - Mapped "{[/user/downLoadWork],methods=[GET]}" onto public void com.fsl.poiexcel.controller.ExcelController1.downLoadWork(javax.servlet.http.HttpServletRequest,javax.servlet.http.HttpServletResponse,org.springframework.ui.Model) throws java.io.IOException
2019-08-13 13:33:14.423 [ main ] - [ INFO  ] [ o.s.w.s.m.m.a.RequestMappingHandlerMapping : 547 ] - Mapped "{[/user/downFileFromBack]}" onto public void com.fsl.poiexcel.controller.ExcelController1.downFileFromBack(javax.servlet.http.HttpServletRequest,javax.servlet.http.HttpServletResponse,org.springframework.ui.Model) throws java.io.IOException
2019-08-13 13:33:14.424 [ main ] - [ INFO  ] [ o.s.w.s.m.m.a.RequestMappingHandlerMapping : 547 ] - Mapped "{[/user/saveExport],methods=[POST]}" onto public java.util.Map<java.lang.String, java.lang.Object> com.fsl.poiexcel.controller.ExcelController1.saveExport(javax.servlet.http.HttpServletRequest) throws java.io.IOException,javax.servlet.ServletException
2019-08-13 13:33:14.426 [ main ] - [ INFO  ] [ o.s.w.s.m.m.a.RequestMappingHandlerMapping : 547 ] - Mapped "{[/user/getAllStu]}" onto public org.springframework.http.ResponseEntity<java.util.List<com.fsl.poiexcel.bean.Student>> com.fsl.poiexcel.controller.ExcelController1.getAllStu()
2019-08-13 13:33:14.427 [ main ] - [ INFO  ] [ o.s.w.s.m.m.a.RequestMappingHandlerMapping : 547 ] - Mapped "{[/user/exporTemplet]}" onto public void com.fsl.poiexcel.controller.ExcelController1.exportTemplet(javax.servlet.http.HttpServletRequest,javax.servlet.http.HttpServletResponse) throws java.lang.Exception
2019-08-13 13:33:14.430 [ main ] - [ INFO  ] [ o.s.w.s.m.m.a.RequestMappingHandlerMapping : 547 ] - Mapped "{[/opreate/save]}" onto public com.fsl.poiexcel.common.ServerResponse com.fsl.poiexcel.controller.OperatelockController.save(java.lang.String,java.lang.String)
2019-08-13 13:33:14.431 [ main ] - [ INFO  ] [ o.s.w.s.m.m.a.RequestMappingHandlerMapping : 547 ] - Mapped "{[/opreate/editFile]}" onto public com.fsl.poiexcel.common.ServerResponse com.fsl.poiexcel.controller.OperatelockController.edit(java.lang.String,java.lang.String,javax.servlet.http.HttpSession)
2019-08-13 13:33:14.432 [ main ] - [ INFO  ] [ o.s.w.s.m.m.a.RequestMappingHandlerMapping : 547 ] - Mapped "{[/opreate/edit]}" onto public com.fsl.poiexcel.common.ServerResponse com.fsl.poiexcel.controller.OperatelockController.edit(java.lang.String,javax.servlet.http.HttpSession)
2019-08-13 13:33:14.432 [ main ] - [ INFO  ] [ o.s.w.s.m.m.a.RequestMappingHandlerMapping : 547 ] - Mapped "{[/opreate/saveExport],methods=[POST]}" onto public com.fsl.poiexcel.common.ServerResponse com.fsl.poiexcel.controller.OperatelockController.saveExport(javax.servlet.http.HttpServletRequest) throws java.io.IOException,javax.servlet.ServletException
2019-08-13 13:33:14.433 [ main ] - [ INFO  ] [ o.s.w.s.m.m.a.RequestMappingHandlerMapping : 547 ] - Mapped "{[/opreate/saveData],methods=[POST]}" onto public com.fsl.poiexcel.common.ServerResponse com.fsl.poiexcel.controller.OperatelockController.saveData(javax.servlet.http.HttpServletRequest) throws java.io.IOException,javax.servlet.ServletException
2019-08-13 13:33:14.434 [ main ] - [ INFO  ] [ o.s.w.s.m.m.a.RequestMappingHandlerMapping : 547 ] - Mapped "{[/opreate/sendHearteat]}" onto public com.fsl.poiexcel.common.ServerResponse com.fsl.poiexcel.controller.OperatelockController.sendHearteat(java.lang.String)
2019-08-13 13:33:14.435 [ main ] - [ INFO  ] [ o.s.w.s.m.m.a.RequestMappingHandlerMapping : 547 ] - Mapped "{[/message/findUserOpreate]}" onto public com.fsl.poiexcel.common.ServerResponse com.fsl.poiexcel.controller.OpreateController.findUserOpreate(javax.servlet.http.HttpSession)
2019-08-13 13:33:14.436 [ main ] - [ INFO  ] [ o.s.w.s.m.m.a.RequestMappingHandlerMapping : 547 ] - Mapped "{[/message/opreate]}" onto public com.fsl.poiexcel.common.ServerResponse com.fsl.poiexcel.controller.OpreateController.opreate(java.lang.String,java.lang.String,javax.servlet.http.HttpSession)
2019-08-13 13:33:14.438 [ main ] - [ INFO  ] [ o.s.w.s.m.m.a.RequestMappingHandlerMapping : 547 ] - Mapped "{[/test/accessLimit],methods=[POST]}" onto public com.fsl.poiexcel.common.ServerResponse com.fsl.poiexcel.controller.TestController.accessLimit()
2019-08-13 13:33:14.438 [ main ] - [ INFO  ] [ o.s.w.s.m.m.a.RequestMappingHandlerMapping : 547 ] - Mapped "{[/test/testIdempotence],methods=[POST]}" onto public com.fsl.poiexcel.common.ServerResponse com.fsl.poiexcel.controller.TestController.testIdempotence()
2019-08-13 13:33:14.441 [ main ] - [ INFO  ] [ o.s.w.s.m.m.a.RequestMappingHandlerMapping : 547 ] - Mapped "{[/token],methods=[GET]}" onto public com.fsl.poiexcel.common.ServerResponse com.fsl.poiexcel.controller.TokenController.token()
2019-08-13 13:33:14.445 [ main ] - [ INFO  ] [ o.s.w.s.m.m.a.RequestMappingHandlerMapping : 547 ] - Mapped "{[/error]}" onto public org.springframework.http.ResponseEntity<java.util.Map<java.lang.String, java.lang.Object>> org.springframework.boot.autoconfigure.web.servlet.error.BasicErrorController.error(javax.servlet.http.HttpServletRequest)
2019-08-13 13:33:14.447 [ main ] - [ INFO  ] [ o.s.w.s.m.m.a.RequestMappingHandlerMapping : 547 ] - Mapped "{[/error],produces=[text/html]}" onto public org.springframework.web.servlet.ModelAndView org.springframework.boot.autoconfigure.web.servlet.error.BasicErrorController.errorHtml(javax.servlet.http.HttpServletRequest,javax.servlet.http.HttpServletResponse)
2019-08-13 13:33:14.463 [ main ] - [ INFO  ] [ o.s.web.servlet.handler.SimpleUrlHandlerMapping : 360 ] - Root mapping to handler of type [class org.springframework.web.servlet.mvc.ParameterizableViewController]
2019-08-13 13:33:14.463 [ main ] - [ INFO  ] [ o.s.web.servlet.handler.SimpleUrlHandlerMapping : 373 ] - Mapped URL path [/index.html] onto handler of type [class org.springframework.web.servlet.mvc.ParameterizableViewController]
2019-08-13 13:33:14.464 [ main ] - [ INFO  ] [ o.s.web.servlet.handler.SimpleUrlHandlerMapping : 373 ] - Mapped URL path [/main.html] onto handler of type [class org.springframework.web.servlet.mvc.ParameterizableViewController]
2019-08-13 13:33:14.487 [ main ] - [ INFO  ] [ o.s.web.servlet.handler.SimpleUrlHandlerMapping : 373 ] - Mapped URL path [/webjars/**] onto handler of type [class org.springframework.web.servlet.resource.ResourceHttpRequestHandler]
2019-08-13 13:33:14.488 [ main ] - [ INFO  ] [ o.s.web.servlet.handler.SimpleUrlHandlerMapping : 373 ] - Mapped URL path [/**] onto handler of type [class org.springframework.web.servlet.resource.ResourceHttpRequestHandler]
2019-08-13 13:33:14.489 [ main ] - [ INFO  ] [ o.s.web.servlet.handler.SimpleUrlHandlerMapping : 373 ] - Mapped URL path [/static/**] onto handler of type [class org.springframework.web.servlet.resource.ResourceHttpRequestHandler]
2019-08-13 13:33:14.527 [ main ] - [ INFO  ] [ o.s.w.s.m.m.a.ExceptionHandlerExceptionResolver : 288 ] - Detected @ExceptionHandler methods in myControllerAdvice
2019-08-13 13:33:14.871 [ main ] - [ INFO  ] [ o.s.b.a.web.servlet.WelcomePageHandlerMapping : 56 ] - Adding welcome page: class path resource [public/index.html]
2019-08-13 13:33:15.474 [ main ] - [ INFO  ] [ o.s.jmx.export.annotation.AnnotationMBeanExporter : 433 ] - Registering beans for JMX exposure on startup
2019-08-13 13:33:15.476 [ main ] - [ INFO  ] [ o.s.jmx.export.annotation.AnnotationMBeanExporter : 895 ] - Bean with name 'dataSource' has been autodetected for JMX exposure
2019-08-13 13:33:15.486 [ main ] - [ INFO  ] [ o.s.jmx.export.annotation.AnnotationMBeanExporter : 895 ] - Bean with name 'rabbitConnectionFactory' has been autodetected for JMX exposure
2019-08-13 13:33:15.490 [ main ] - [ INFO  ] [ o.s.jmx.export.annotation.AnnotationMBeanExporter : 668 ] - Located MBean 'dataSource': registering with JMX server as MBean [com.zaxxer.hikari:name=dataSource,type=HikariDataSource]
2019-08-13 13:33:15.492 [ main ] - [ INFO  ] [ o.s.jmx.export.annotation.AnnotationMBeanExporter : 675 ] - Located managed bean 'rabbitConnectionFactory': registering with JMX server as MBean [org.springframework.amqp.rabbit.connection:name=rabbitConnectionFactory,type=CachingConnectionFactory]
2019-08-13 13:33:15.532 [ main ] - [ INFO  ] [ o.s.context.support.DefaultLifecycleProcessor : 351 ] - Starting beans in phase 2147483647
2019-08-13 13:33:15.541 [ main ] - [ INFO  ] [ o.s.s.a.ScheduledAnnotationBeanPostProcessor : 275 ] - No TaskScheduler/ScheduledExecutorService bean found for scheduled processing
2019-08-13 13:33:15.550 [ main ] - [ INFO  ] [ org.apache.coyote.http11.Http11NioProtocol : 180 ] - Starting ProtocolHandler ["http-nio-9090"]
2019-08-13 13:33:15.578 [ main ] - [ INFO  ] [ org.apache.tomcat.util.net.NioSelectorPool : 180 ] - Using a shared selector for servlet write/read
2019-08-13 13:33:15.594 [ main ] - [ INFO  ] [ o.s.boot.web.embedded.tomcat.TomcatWebServer : 206 ] - Tomcat started on port(s): 9090 (http) with context path ''
2019-08-13 13:33:15.599 [ main ] - [ INFO  ] [ com.fsl.poiexcel.PoiexcelApplication : 59 ] - Started PoiexcelApplication in 5.83 seconds (JVM running for 7.743)
2019-08-13 13:34:15.170 [ http-nio-9090-exec-1 ] - [ INFO  ] [ o.a.c.core.ContainerBase.[Tomcat].[localhost].[/] : 180 ] - Initializing Spring FrameworkServlet 'dispatcherServlet'
2019-08-13 13:34:15.171 [ http-nio-9090-exec-1 ] - [ INFO  ] [ org.springframework.web.servlet.DispatcherServlet : 494 ] - FrameworkServlet 'dispatcherServlet': initialization started
2019-08-13 13:34:15.202 [ http-nio-9090-exec-1 ] - [ INFO  ] [ org.springframework.web.servlet.DispatcherServlet : 509 ] - FrameworkServlet 'dispatcherServlet': initialization completed in 29 ms
2019-08-13 13:34:23.390 [ http-nio-9090-exec-5 ] - [ INFO  ] [ com.zaxxer.hikari.HikariDataSource : 110 ] - HikariPool-1 - Starting...
2019-08-13 13:34:23.715 [ http-nio-9090-exec-5 ] - [ INFO  ] [ com.zaxxer.hikari.HikariDataSource : 123 ] - HikariPool-1 - Start completed.
2019-08-13 13:34:23.725 [ http-nio-9090-exec-5 ] - [ DEBUG ] [ com.fsl.poiexcel.mapper.UserMapper.selectByExample : 159 ] - ==>  Preparing: SELECT user_id,user_name,password FROM user WHERE ( user_name = ? and password = ? ) 
2019-08-13 13:34:23.751 [ http-nio-9090-exec-5 ] - [ DEBUG ] [ com.fsl.poiexcel.mapper.UserMapper.selectByExample : 159 ] - ==> Parameters: S02(String), 123(String)
2019-08-13 13:34:23.778 [ http-nio-9090-exec-5 ] - [ DEBUG ] [ com.fsl.poiexcel.mapper.UserMapper.selectByExample : 159 ] - <==      Total: 1
2019-08-13 13:35:42.869 [ http-nio-9090-exec-9 ] - [ DEBUG ] [ com.fsl.poiexcel.mapper.UserMapper.selectByExample : 159 ] - ==>  Preparing: SELECT user_id,user_name,password FROM user WHERE ( user_name = ? and password = ? ) 
2019-08-13 13:35:42.873 [ http-nio-9090-exec-9 ] - [ DEBUG ] [ com.fsl.poiexcel.mapper.UserMapper.selectByExample : 159 ] - ==> Parameters: S01(String), 123(String)
2019-08-13 13:35:42.875 [ http-nio-9090-exec-9 ] - [ DEBUG ] [ com.fsl.poiexcel.mapper.UserMapper.selectByExample : 159 ] - <==      Total: 1
2019-08-13 13:35:45.231 [ http-nio-9090-exec-1 ] - [ DEBUG ] [ c.f.p.mapper.OperateMessageMapper.selectByExample : 159 ] - ==>  Preparing: SELECT id,user_id,step_id,doc_path,inner_id FROM operate_message WHERE ( user_id = ? ) 
2019-08-13 13:35:45.235 [ http-nio-9090-exec-1 ] - [ DEBUG ] [ c.f.p.mapper.OperateMessageMapper.selectByExample : 159 ] - ==> Parameters: 2(String)
2019-08-13 13:35:45.243 [ http-nio-9090-exec-1 ] - [ DEBUG ] [ c.f.p.mapper.OperateMessageMapper.selectByExample : 159 ] - <==      Total: 0
2019-08-13 13:35:49.800 [ http-nio-9090-exec-5 ] - [ DEBUG ] [ c.f.p.mapper.OperateMessageMapper.selectByExample : 159 ] - ==>  Preparing: SELECT id,user_id,step_id,doc_path,inner_id FROM operate_message WHERE ( user_id = ? ) 
2019-08-13 13:35:49.801 [ http-nio-9090-exec-5 ] - [ DEBUG ] [ c.f.p.mapper.OperateMessageMapper.selectByExample : 159 ] - ==> Parameters: 2(String)
2019-08-13 13:35:49.803 [ http-nio-9090-exec-5 ] - [ DEBUG ] [ c.f.p.mapper.OperateMessageMapper.selectByExample : 159 ] - <==      Total: 0
2019-08-13 13:35:53.118 [ http-nio-9090-exec-4 ] - [ DEBUG ] [ com.fsl.poiexcel.mapper.UserMapper.selectByExample : 159 ] - ==>  Preparing: SELECT user_id,user_name,password FROM user WHERE ( user_name = ? and password = ? ) 
2019-08-13 13:35:53.119 [ http-nio-9090-exec-4 ] - [ DEBUG ] [ com.fsl.poiexcel.mapper.UserMapper.selectByExample : 159 ] - ==> Parameters: S02(String), 123(String)
2019-08-13 13:35:53.121 [ http-nio-9090-exec-4 ] - [ DEBUG ] [ com.fsl.poiexcel.mapper.UserMapper.selectByExample : 159 ] - <==      Total: 1
2019-08-13 13:35:58.535 [ http-nio-9090-exec-8 ] - [ DEBUG ] [ c.f.p.mapper.OperateMessageMapper.selectByExample : 159 ] - ==>  Preparing: SELECT id,user_id,step_id,doc_path,inner_id FROM operate_message WHERE ( user_id = ? ) 
2019-08-13 13:35:58.536 [ http-nio-9090-exec-8 ] - [ DEBUG ] [ c.f.p.mapper.OperateMessageMapper.selectByExample : 159 ] - ==> Parameters: 3(String)
2019-08-13 13:35:58.541 [ http-nio-9090-exec-8 ] - [ DEBUG ] [ c.f.p.mapper.OperateMessageMapper.selectByExample : 159 ] - <==      Total: 1
2019-08-13 13:36:08.003 [ http-nio-9090-exec-9 ] - [ DEBUG ] [ c.f.p.m.OperateMessageMapper.selectByPrimaryKey : 159 ] - ==>  Preparing: SELECT id,user_id,step_id,doc_path,inner_id FROM operate_message WHERE id = ? 
2019-08-13 13:36:08.005 [ http-nio-9090-exec-9 ] - [ DEBUG ] [ c.f.p.m.OperateMessageMapper.selectByPrimaryKey : 159 ] - ==> Parameters: 71(Integer)
2019-08-13 13:36:08.006 [ http-nio-9090-exec-9 ] - [ DEBUG ] [ c.f.p.m.OperateMessageMapper.selectByPrimaryKey : 159 ] - <==      Total: 1
2019-08-13 13:36:08.007 [ http-nio-9090-exec-9 ] - [ INFO  ] [ com.fsl.poiexcel.service.impl.SenderServiceImpl : 42 ] - 开始发送消息
2019-08-13 13:36:08.008 [ http-nio-9090-exec-9 ] - [ INFO  ] [ com.fsl.poiexcel.service.impl.SenderServiceImpl : 63 ] - ------发送消息-------
2019-08-13 13:36:08.272 [ http-nio-9090-exec-9 ] - [ INFO  ] [ com.fsl.poiexcel.service.impl.SenderServiceImpl : 71 ] - 发送mq消息:{"docPath":"/Users/apple/shuda/tmp/spreadjs/rabbitmq/3测试/test.xlsx","innerID":"AGREE","stepID":"S02","userID":"3"}
2019-08-13 13:39:53.445 [ Thread-16 ] - [ INFO  ] [ o.s.b.w.s.c.AnnotationConfigServletWebServerApplicationContext : 993 ] - Closing org.springframework.boot.web.servlet.context.AnnotationConfigServletWebServerApplicationContext@4f25b795: startup date [Tue Aug 13 13:33:10 CST 2019]; root of context hierarchy
2019-08-13 13:39:53.611 [ Thread-16 ] - [ INFO  ] [ o.s.context.support.DefaultLifecycleProcessor : 366 ] - Stopping beans in phase 2147483647
2019-08-13 13:39:53.616 [ Thread-16 ] - [ INFO  ] [ o.s.context.support.DefaultLifecycleProcessor : 366 ] - Stopping beans in phase 0
2019-08-13 13:39:53.701 [ Thread-16 ] - [ INFO  ] [ o.s.jmx.export.annotation.AnnotationMBeanExporter : 451 ] - Unregistering JMX-exposed beans on shutdown
2019-08-13 13:39:53.704 [ Thread-16 ] - [ INFO  ] [ o.s.jmx.export.annotation.AnnotationMBeanExporter : 183 ] - Unregistering JMX-exposed beans
2019-08-13 13:39:53.736 [ Thread-16 ] - [ INFO  ] [ com.zaxxer.hikari.HikariDataSource : 381 ] - HikariPool-1 - Shutdown initiated...
2019-08-13 13:39:53.777 [ Thread-16 ] - [ INFO  ] [ com.zaxxer.hikari.HikariDataSource : 383 ] - HikariPool-1 - Shutdown completed.
2019-08-13 13:39:56.150 [ http-nio-9090-exec-9 ] - [ ERROR ] [ com.fsl.poiexcel.excepetion.MyControllerAdvice : 23 ] - Exception: 
java.lang.NullPointerException: null
	at org.springframework.web.util.UrlPathHelper.removeJsessionid(UrlPathHelper.java:517)
	at org.springframework.web.util.UrlPathHelper.removeSemicolonContent(UrlPathHelper.java:502)
	at org.springframework.web.util.UrlPathHelper.decodeAndCleanUriString(UrlPathHelper.java:435)
	at org.springframework.web.util.UrlPathHelper.getOriginatingRequestUri(UrlPathHelper.java:382)
	at org.springframework.web.servlet.mvc.method.annotation.AbstractMessageConverterMethodProcessor.addContentDispositionHeader(AbstractMessageConverterMethodProcessor.java:407)
	at org.springframework.web.servlet.mvc.method.annotation.AbstractMessageConverterMethodProcessor.writeWithMessageConverters(AbstractMessageConverterMethodProcessor.java:270)
	at org.springframework.web.servlet.mvc.method.annotation.RequestResponseBodyMethodProcessor.handleReturnValue(RequestResponseBodyMethodProcessor.java:180)
	at org.springframework.web.method.support.HandlerMethodReturnValueHandlerComposite.handleReturnValue(HandlerMethodReturnValueHandlerComposite.java:82)
	at org.springframework.web.servlet.mvc.method.annotation.ServletInvocableHandlerMethod.invokeAndHandle(ServletInvocableHandlerMethod.java:119)
	at org.springframework.web.servlet.mvc.method.annotation.RequestMappingHandlerAdapter.invokeHandlerMethod(RequestMappingHandlerAdapter.java:877)
	at org.springframework.web.servlet.mvc.method.annotation.RequestMappingHandlerAdapter.handleInternal(RequestMappingHandlerAdapter.java:783)
	at org.springframework.web.servlet.mvc.method.AbstractHandlerMethodAdapter.handle(AbstractHandlerMethodAdapter.java:87)
	at org.springframework.web.servlet.DispatcherServlet.doDispatch(DispatcherServlet.java:991)
	at org.springframework.web.servlet.DispatcherServlet.doService(DispatcherServlet.java:925)
	at org.springframework.web.servlet.FrameworkServlet.processRequest(FrameworkServlet.java:974)
	at org.springframework.web.servlet.FrameworkServlet.doGet(FrameworkServlet.java:866)
	at javax.servlet.http.HttpServlet.service(HttpServlet.java:635)
	at org.springframework.web.servlet.FrameworkServlet.service(FrameworkServlet.java:851)
	at javax.servlet.http.HttpServlet.service(HttpServlet.java:742)
	at org.apache.catalina.core.ApplicationFilterChain.internalDoFilter(ApplicationFilterChain.java:231)
	at org.apache.catalina.core.ApplicationFilterChain.doFilter(ApplicationFilterChain.java:166)
	at org.apache.tomcat.websocket.server.WsFilter.doFilter(WsFilter.java:52)
	at org.apache.catalina.core.ApplicationFilterChain.internalDoFilter(ApplicationFilterChain.java:193)
	at org.apache.catalina.core.ApplicationFilterChain.doFilter(ApplicationFilterChain.java:166)
	at org.springframework.web.filter.CorsFilter.doFilterInternal(CorsFilter.java:96)
	at org.springframework.web.filter.OncePerRequestFilter.doFilter(OncePerRequestFilter.java:107)
	at org.apache.catalina.core.ApplicationFilterChain.internalDoFilter(ApplicationFilterChain.java:193)
	at org.apache.catalina.core.ApplicationFilterChain.doFilter(ApplicationFilterChain.java:166)
	at org.springframework.web.filter.RequestContextFilter.doFilterInternal(RequestContextFilter.java:99)
	at org.springframework.web.filter.OncePerRequestFilter.doFilter(OncePerRequestFilter.java:107)
	at org.apache.catalina.core.ApplicationFilterChain.internalDoFilter(ApplicationFilterChain.java:193)
	at org.apache.catalina.core.ApplicationFilterChain.doFilter(ApplicationFilterChain.java:166)
	at org.springframework.web.filter.HttpPutFormContentFilter.doFilterInternal(HttpPutFormContentFilter.java:109)
	at org.springframework.web.filter.OncePerRequestFilter.doFilter(OncePerRequestFilter.java:107)
	at org.apache.catalina.core.ApplicationFilterChain.internalDoFilter(ApplicationFilterChain.java:193)
	at org.apache.catalina.core.ApplicationFilterChain.doFilter(ApplicationFilterChain.java:166)
	at org.springframework.web.filter.HiddenHttpMethodFilter.doFilterInternal(HiddenHttpMethodFilter.java:93)
	at org.springframework.web.filter.OncePerRequestFilter.doFilter(OncePerRequestFilter.java:107)
	at org.apache.catalina.core.ApplicationFilterChain.internalDoFilter(ApplicationFilterChain.java:193)
	at org.apache.catalina.core.ApplicationFilterChain.doFilter(ApplicationFilterChain.java:166)
	at org.springframework.web.filter.CharacterEncodingFilter.doFilterInternal(CharacterEncodingFilter.java:200)
	at org.springframework.web.filter.OncePerRequestFilter.doFilter(OncePerRequestFilter.java:107)
	at org.apache.catalina.core.ApplicationFilterChain.internalDoFilter(ApplicationFilterChain.java:193)
	at org.apache.catalina.core.ApplicationFilterChain.doFilter(ApplicationFilterChain.java:166)
	at org.apache.catalina.core.StandardWrapperValve.invoke(StandardWrapperValve.java:198)
	at org.apache.catalina.core.StandardContextValve.invoke(StandardContextValve.java:96)
	at org.apache.catalina.authenticator.AuthenticatorBase.invoke(AuthenticatorBase.java:496)
	at org.apache.catalina.core.StandardHostValve.invoke(StandardHostValve.java:140)
	at org.apache.catalina.valves.ErrorReportValve.invoke(ErrorReportValve.java:81)
	at org.apache.catalina.core.StandardEngineValve.invoke(StandardEngineValve.java:87)
	at org.apache.catalina.connector.CoyoteAdapter.service(CoyoteAdapter.java:342)
	at org.apache.coyote.http11.Http11Processor.service(Http11Processor.java:803)
	at org.apache.coyote.AbstractProcessorLight.process(AbstractProcessorLight.java:66)
	at org.apache.coyote.AbstractProtocol$ConnectionHandler.process(AbstractProtocol.java:790)
	at org.apache.tomcat.util.net.NioEndpoint$SocketProcessor.doRun(NioEndpoint.java:1468)
	at org.apache.tomcat.util.net.SocketProcessorBase.run(SocketProcessorBase.java:49)
	at java.util.concurrent.ThreadPoolExecutor.runWorker(ThreadPoolExecutor.java:1149)
	at java.util.concurrent.ThreadPoolExecutor$Worker.run(ThreadPoolExecutor.java:624)
	at org.apache.tomcat.util.threads.TaskThread$WrappingRunnable.run(TaskThread.java:61)
	at java.lang.Thread.run(Thread.java:748)
2019-08-13 13:39:56.154 [ http-nio-9090-exec-9 ] - [ WARN  ] [ o.s.w.s.m.m.a.ExceptionHandlerExceptionResolver : 411 ] - Failed to invoke @ExceptionHandler method: public com.fsl.poiexcel.common.ServerResponse com.fsl.poiexcel.excepetion.MyControllerAdvice.exceptionHandler(java.lang.Exception)
java.lang.NullPointerException: null
	at org.springframework.web.util.UrlPathHelper.removeJsessionid(UrlPathHelper.java:517)
	at org.springframework.web.util.UrlPathHelper.removeSemicolonContent(UrlPathHelper.java:502)
	at org.springframework.web.util.UrlPathHelper.decodeAndCleanUriString(UrlPathHelper.java:435)
	at org.springframework.web.util.UrlPathHelper.getOriginatingRequestUri(UrlPathHelper.java:382)
	at org.springframework.web.servlet.mvc.method.annotation.AbstractMessageConverterMethodProcessor.addContentDispositionHeader(AbstractMessageConverterMethodProcessor.java:407)
	at org.springframework.web.servlet.mvc.method.annotation.AbstractMessageConverterMethodProcessor.writeWithMessageConverters(AbstractMessageConverterMethodProcessor.java:270)
	at org.springframework.web.servlet.mvc.method.annotation.RequestResponseBodyMethodProcessor.handleReturnValue(RequestResponseBodyMethodProcessor.java:180)
	at org.springframework.web.method.support.HandlerMethodReturnValueHandlerComposite.handleReturnValue(HandlerMethodReturnValueHandlerComposite.java:82)
	at org.springframework.web.servlet.mvc.method.annotation.ServletInvocableHandlerMethod.invokeAndHandle(ServletInvocableHandlerMethod.java:119)
	at org.springframework.web.servlet.mvc.method.annotation.ExceptionHandlerExceptionResolver.doResolveHandlerMethodException(ExceptionHandlerExceptionResolver.java:404)
	at org.springframework.web.servlet.handler.AbstractHandlerMethodExceptionResolver.doResolveException(AbstractHandlerMethodExceptionResolver.java:61)
	at org.springframework.web.servlet.handler.AbstractHandlerExceptionResolver.resolveException(AbstractHandlerExceptionResolver.java:139)
	at org.springframework.web.servlet.handler.HandlerExceptionResolverComposite.resolveException(HandlerExceptionResolverComposite.java:78)
	at org.springframework.web.servlet.DispatcherServlet.processHandlerException(DispatcherServlet.java:1255)
	at org.springframework.web.servlet.DispatcherServlet.processDispatchResult(DispatcherServlet.java:1062)
	at org.springframework.web.servlet.DispatcherServlet.doDispatch(DispatcherServlet.java:1008)
	at org.springframework.web.servlet.DispatcherServlet.doService(DispatcherServlet.java:925)
	at org.springframework.web.servlet.FrameworkServlet.processRequest(FrameworkServlet.java:974)
	at org.springframework.web.servlet.FrameworkServlet.doGet(FrameworkServlet.java:866)
	at javax.servlet.http.HttpServlet.service(HttpServlet.java:635)
	at org.springframework.web.servlet.FrameworkServlet.service(FrameworkServlet.java:851)
	at javax.servlet.http.HttpServlet.service(HttpServlet.java:742)
	at org.apache.catalina.core.ApplicationFilterChain.internalDoFilter(ApplicationFilterChain.java:231)
	at org.apache.catalina.core.ApplicationFilterChain.doFilter(ApplicationFilterChain.java:166)
	at org.apache.tomcat.websocket.server.WsFilter.doFilter(WsFilter.java:52)
	at org.apache.catalina.core.ApplicationFilterChain.internalDoFilter(ApplicationFilterChain.java:193)
	at org.apache.catalina.core.ApplicationFilterChain.doFilter(ApplicationFilterChain.java:166)
	at org.springframework.web.filter.CorsFilter.doFilterInternal(CorsFilter.java:96)
	at org.springframework.web.filter.OncePerRequestFilter.doFilter(OncePerRequestFilter.java:107)
	at org.apache.catalina.core.ApplicationFilterChain.internalDoFilter(ApplicationFilterChain.java:193)
	at org.apache.catalina.core.ApplicationFilterChain.doFilter(ApplicationFilterChain.java:166)
	at org.springframework.web.filter.RequestContextFilter.doFilterInternal(RequestContextFilter.java:99)
	at org.springframework.web.filter.OncePerRequestFilter.doFilter(OncePerRequestFilter.java:107)
	at org.apache.catalina.core.ApplicationFilterChain.internalDoFilter(ApplicationFilterChain.java:193)
	at org.apache.catalina.core.ApplicationFilterChain.doFilter(ApplicationFilterChain.java:166)
	at org.springframework.web.filter.HttpPutFormContentFilter.doFilterInternal(HttpPutFormContentFilter.java:109)
	at org.springframework.web.filter.OncePerRequestFilter.doFilter(OncePerRequestFilter.java:107)
	at org.apache.catalina.core.ApplicationFilterChain.internalDoFilter(ApplicationFilterChain.java:193)
	at org.apache.catalina.core.ApplicationFilterChain.doFilter(ApplicationFilterChain.java:166)
	at org.springframework.web.filter.HiddenHttpMethodFilter.doFilterInternal(HiddenHttpMethodFilter.java:93)
	at org.springframework.web.filter.OncePerRequestFilter.doFilter(OncePerRequestFilter.java:107)
	at org.apache.catalina.core.ApplicationFilterChain.internalDoFilter(ApplicationFilterChain.java:193)
	at org.apache.catalina.core.ApplicationFilterChain.doFilter(ApplicationFilterChain.java:166)
	at org.springframework.web.filter.CharacterEncodingFilter.doFilterInternal(CharacterEncodingFilter.java:200)
	at org.springframework.web.filter.OncePerRequestFilter.doFilter(OncePerRequestFilter.java:107)
	at org.apache.catalina.core.ApplicationFilterChain.internalDoFilter(ApplicationFilterChain.java:193)
	at org.apache.catalina.core.ApplicationFilterChain.doFilter(ApplicationFilterChain.java:166)
	at org.apache.catalina.core.StandardWrapperValve.invoke(StandardWrapperValve.java:198)
	at org.apache.catalina.core.StandardContextValve.invoke(StandardContextValve.java:96)
	at org.apache.catalina.authenticator.AuthenticatorBase.invoke(AuthenticatorBase.java:496)
	at org.apache.catalina.core.StandardHostValve.invoke(StandardHostValve.java:140)
	at org.apache.catalina.valves.ErrorReportValve.invoke(ErrorReportValve.java:81)
	at org.apache.catalina.core.StandardEngineValve.invoke(StandardEngineValve.java:87)
	at org.apache.catalina.connector.CoyoteAdapter.service(CoyoteAdapter.java:342)
	at org.apache.coyote.http11.Http11Processor.service(Http11Processor.java:803)
	at org.apache.coyote.AbstractProcessorLight.process(AbstractProcessorLight.java:66)
	at org.apache.coyote.AbstractProtocol$ConnectionHandler.process(AbstractProtocol.java:790)
	at org.apache.tomcat.util.net.NioEndpoint$SocketProcessor.doRun(NioEndpoint.java:1468)
	at org.apache.tomcat.util.net.SocketProcessorBase.run(SocketProcessorBase.java:49)
	at java.util.concurrent.ThreadPoolExecutor.runWorker(ThreadPoolExecutor.java:1149)
	at java.util.concurrent.ThreadPoolExecutor$Worker.run(ThreadPoolExecutor.java:624)
	at org.apache.tomcat.util.threads.TaskThread$WrappingRunnable.run(TaskThread.java:61)
	at java.lang.Thread.run(Thread.java:748)
